2018-11-15 11:00:39,714 INFO gateway: INIT gateway...
2018-11-15 11:00:51,053 INFO gateway: INIT gateway...
2018-11-15 11:02:02,946 INFO gateway: INIT gateway...
2018-11-15 11:02:25,703 INFO gateway: INIT gateway...
2018-11-15 11:03:00,902 INFO gateway: INIT gateway...
2018-11-15 11:03:14,483 INFO gateway: INIT gateway...
2018-11-15 11:04:44,017 INFO gateway: INIT gateway...
2018-11-15 11:07:00,992 INFO gateway: INIT gateway...
2018-11-15 11:07:01,094 INFO gateway: ValidationError {'category': ['Missing data for required field.']}
2018-11-15 11:07:08,105 INFO gateway: INIT gateway...
2018-11-15 11:09:38,435 INFO gateway: INIT gateway...
2018-11-15 11:10:27,579 INFO gateway: INIT gateway...
2018-11-15 11:10:35,342 INFO gateway: INIT gateway...
2018-11-15 11:26:07,841 INFO gateway: INIT gateway...
2018-11-16 09:23:12,946 INFO gateway: INIT gateway...
2018-11-16 09:24:20,213 INFO gateway: INIT gateway...
2018-11-16 09:25:44,106 INFO gateway: INIT gateway...
2018-11-16 09:26:39,051 INFO gateway: INIT gateway...
2018-11-16 09:29:04,030 INFO gateway: INIT gateway...
2018-11-16 09:33:55,796 INFO gateway: INIT gateway...
2018-11-16 09:34:43,952 INFO gateway: INIT gateway...
2018-11-16 09:37:13,292 INFO gateway: INIT gateway...
2018-11-16 09:47:29,133 INFO gateway: INIT gateway...
2018-11-16 10:02:06,172 INFO gateway: INIT gateway...
2018-11-16 10:03:22,734 INFO gateway: INIT gateway...
2018-11-19 08:14:18,540 INFO gateway: INIT gateway...
2018-11-19 08:25:31,510 INFO gateway: INIT gateway...
2018-11-19 08:33:54,325 INFO gateway: INIT gateway...
2018-11-19 08:34:51,524 INFO gateway: INIT gateway...
2018-11-19 08:38:58,881 INFO gateway: INIT gateway...
2018-11-19 08:43:55,897 INFO gateway: INIT gateway...
2018-11-19 08:53:07,473 INFO gateway: INIT gateway...
2018-11-19 08:53:37,308 INFO gateway: INIT gateway...
2018-11-19 08:54:40,382 INFO gateway: INIT gateway...
2018-11-19 08:55:36,679 INFO gateway: INIT gateway...
2018-11-19 08:55:38,683 INFO gateway: INIT gateway...
2018-11-19 09:05:11,777 INFO gateway: INIT gateway...
2018-11-19 09:05:50,901 INFO gateway: INIT gateway...
2018-11-19 09:07:05,315 INFO gateway: INIT gateway...
2018-11-19 09:08:06,273 INFO gateway: INIT gateway...
2018-11-19 09:36:57,011 INFO gateway: INIT gateway...
2018-11-19 09:45:55,779 INFO gateway: INIT gateway...
2018-11-19 09:48:36,086 INFO gateway: INIT gateway...
2018-11-19 09:49:27,029 INFO gateway: INIT gateway...
2018-11-19 09:49:41,750 INFO gateway: INIT gateway...
2018-11-19 09:51:16,719 INFO gateway: INIT gateway...
2018-11-19 09:51:41,479 INFO gateway: INIT gateway...
2018-11-19 09:52:00,980 INFO gateway: INIT gateway...
2018-11-19 09:52:46,766 INFO gateway: INIT gateway...
2018-11-19 09:54:32,854 INFO gateway: INIT gateway...
2018-11-19 09:54:49,802 INFO gateway: INIT gateway...
2018-11-19 09:55:11,026 INFO gateway: INIT gateway...
2018-11-19 09:56:09,753 INFO gateway: INIT gateway...
2018-11-19 09:56:39,412 INFO gateway: INIT gateway...
2018-11-19 09:56:52,001 INFO gateway: INIT gateway...
2018-11-19 10:03:54,906 INFO gateway: INIT gateway...
2018-11-19 10:05:47,689 INFO gateway: INIT gateway...
2018-11-19 10:08:52,816 INFO gateway: INIT gateway...
2018-11-19 10:10:21,599 INFO gateway: INIT gateway...
2018-11-19 10:12:52,075 INFO gateway: INIT gateway...
2018-11-19 10:13:02,106 INFO gateway: INIT gateway...
2018-11-19 10:33:40,551 INFO gateway: INIT gateway...
2018-11-19 10:35:07,689 INFO gateway: INIT gateway...
2018-11-19 10:35:30,067 INFO gateway: INIT gateway...
2018-11-19 10:36:43,096 INFO gateway: INIT gateway...
2018-11-19 10:37:18,840 INFO gateway: INIT gateway...
2018-11-20 06:17:59,689 INFO gateway: INIT gateway...
2018-11-20 06:19:07,484 INFO gateway: INIT gateway...
2018-11-20 06:19:17,940 INFO gateway: INIT gateway...
2018-11-20 06:19:26,856 INFO gateway: INIT gateway...
2018-11-20 06:20:43,684 INFO gateway: INIT gateway...
2018-11-20 08:44:46,364 INFO gateway: INIT gateway...
2018-11-20 08:44:46,396 INFO gateway: Invalid schema: {'order_details': {1: {'product_id': ['Missing data for required field.']}}}
2018-11-20 08:45:52,189 INFO gateway: INIT gateway...
2018-11-20 08:46:11,227 INFO gateway: INIT gateway...
2018-11-20 08:46:17,970 INFO gateway: INIT gateway...
2018-11-20 08:47:08,602 INFO gateway: INIT gateway...
2018-11-20 08:48:08,046 INFO gateway: INIT gateway...
2018-11-20 08:48:08,264 INFO gateway: gateway._createOrder: OutOfStock Product ID 2 is insufficient
2018-11-20 08:48:08,264 INFO gateway: OutOfStock Product ID 2 is insufficient
2018-11-20 08:49:47,443 INFO gateway: INIT gateway...
2018-11-20 08:49:47,646 INFO gateway: gateway._createOrder: OutOfStock Product ID 2 is insufficient
2018-11-20 08:49:47,647 INFO gateway: OutOfStock Product ID 2 is insufficient
2018-11-20 09:03:12,780 INFO gateway: INIT gateway...
2018-11-20 09:03:12,982 INFO gateway: gateway._createOrder: OutOfStock Product ID 2 is insufficient
2018-11-20 09:03:12,982 INFO gateway: OutOfStock Product ID 2 is insufficient
2018-11-20 09:03:54,872 INFO gateway: INIT gateway...
2018-11-20 09:03:55,041 INFO gateway: gateway._createOrder: OutOfStock Product ID 2 is insufficient
2018-11-20 09:03:55,041 INFO gateway: OutOfStock Product ID 2 is insufficient
2018-11-20 09:04:20,054 INFO gateway: INIT gateway...
2018-11-20 09:04:20,305 INFO gateway: gateway._createOrder: OutOfStock Product ID 1 is insufficient
2018-11-20 09:04:20,305 INFO gateway: OutOfStock Product ID 1 is insufficient
2018-11-20 09:04:54,881 INFO gateway: INIT gateway...
2018-11-20 09:04:55,055 INFO gateway: gateway._createOrder: OutOfStock Product ID 1 is insufficient
2018-11-20 09:04:55,055 INFO gateway: OutOfStock Product ID 1 is insufficient
2018-11-20 09:05:30,999 INFO gateway: INIT gateway...
2018-11-20 09:05:31,215 INFO gateway: gateway._createOrder: OutOfStock Product ID 1 is insufficient
2018-11-20 09:05:31,215 INFO gateway: OutOfStock Product ID 1 is insufficient
2018-11-20 09:06:20,481 INFO gateway: INIT gateway...
2018-11-20 09:06:20,672 INFO gateway: gateway._createOrder: OutOfStock Product ID 1 is insufficient
2018-11-20 09:06:20,672 INFO gateway: OutOfStock Product ID 1 is insufficient
2018-11-20 09:07:04,890 INFO gateway: INIT gateway...
2018-11-20 09:07:05,115 INFO gateway: gateway._createOrder: OutOfStock Product ID 1 is insufficient
2018-11-20 09:07:05,115 INFO gateway: OutOfStock Product ID 1 is insufficient
2018-11-20 09:07:32,958 INFO gateway: INIT gateway...
2018-11-20 09:07:33,043 INFO gateway: Product IDs 3,4 does not exist
2018-11-20 09:07:46,477 INFO gateway: INIT gateway...
2018-11-20 09:25:32,784 INFO gateway: INIT gateway...
2018-11-20 09:25:32,802 INFO gateway: string indices must be integers
2018-11-21 06:40:48,170 INFO gateway: INIT gateway...
2018-11-21 06:43:06,995 INFO gateway: INIT gateway...
2018-11-21 06:43:07,027 INFO gateway: Invalid schema: {'order_details': {1: {'product_id': ['Missing data for required field.']}}}
2018-11-21 06:43:23,068 INFO gateway: INIT gateway...
2018-11-21 06:43:23,258 INFO gateway: TypeError a bytes-like object is required, not 'str'
2018-11-21 06:43:34,588 INFO gateway: INIT gateway...
2018-11-21 06:44:09,991 INFO gateway: INIT gateway...
2018-11-21 06:44:09,992 INFO gateway: Invalid schema: {'order_details': {1: {'product_id': ['Missing data for required field.']}}}
2018-11-21 06:44:17,858 INFO gateway: INIT gateway...
2018-11-21 06:54:39,659 INFO gateway: INIT gateway...
2018-11-21 06:54:39,918 INFO gateway: gateway._createOrder: OutOfStock Product ID 2 is insufficient
2018-11-21 06:54:39,919 INFO gateway: OutOfStock Product ID 2 is insufficient
2018-11-21 07:40:28,627 INFO gateway: INIT gateway...
2018-11-21 07:40:28,858 INFO gateway: gateway._createOrder: TypeError int() argument must be a string, a bytes-like object or a number, not 'NoneType'
2018-11-21 07:40:28,858 INFO gateway: TypeError int() argument must be a string, a bytes-like object or a number, not 'NoneType'
2018-11-26 09:03:37,696 INFO gateway: INIT gateway...
2018-11-26 09:05:41,841 INFO gateway: INIT gateway...
2018-11-26 09:05:43,029 INFO gateway: gateway._createOrder: OutOfStock Product ID 1 is insufficient
2018-11-26 09:05:43,029 INFO gateway: OutOfStock Product ID 1 is insufficient
2018-11-26 09:05:54,092 INFO gateway: INIT gateway...
2018-11-26 09:10:00,943 INFO gateway: INIT gateway...
2018-11-26 09:11:36,330 INFO gateway: INIT gateway...
2018-11-26 09:12:31,407 INFO gateway: INIT gateway...
2018-11-26 09:15:32,367 INFO gateway: INIT gateway...
2018-11-26 09:16:44,410 INFO gateway: INIT gateway...
2018-11-26 09:19:00,994 INFO gateway: INIT gateway...
2018-11-26 09:19:01,154 INFO gateway: TypeError must be str, not list
2018-11-26 09:21:57,002 INFO gateway: INIT gateway...
2018-11-26 09:21:57,080 INFO gateway: TypeError must be str, not bytes
2018-11-26 09:23:03,583 INFO gateway: INIT gateway...
2018-11-26 09:23:41,912 INFO gateway: INIT gateway...
2018-11-26 09:24:34,948 INFO gateway: INIT gateway...
2018-11-26 09:42:38,280 INFO gateway: INIT gateway...
2018-11-26 09:42:38,385 INFO gateway: NameError name 'logging' is not defined
2018-11-26 09:44:18,296 INFO gateway: INIT gateway...
2018-11-26 09:45:04,721 INFO gateway: INIT gateway...
2018-11-26 09:55:27,607 INFO gateway: INIT gateway...
2018-11-26 09:55:27,766 INFO gateway: TypeError log() missing 1 required positional argument: 'msg'
2018-11-26 09:56:53,878 INFO gateway: INIT gateway...
2018-11-26 09:58:50,442 INFO gateway: INIT gateway...
2018-11-26 10:00:27,407 INFO gateway: INIT gateway...
2018-11-26 10:03:23,372 INFO gateway: INIT gateway...
2018-11-26 10:05:10,834 INFO gateway: INIT gateway...
2018-11-26 10:09:10,297 INFO gateway: INIT gateway...
2018-11-26 10:10:54,443 INFO gateway: INIT gateway...
2018-11-26 10:16:10,024 INFO gateway: INIT gateway...
2018-11-26 10:17:05,440 INFO gateway: INIT gateway...
2018-11-26 10:23:16,580 INFO gateway: INIT gateway...
2018-11-26 10:25:31,521 INFO gateway: INIT gateway...
2018-11-26 10:25:31,638 INFO gateway: TypeError a bytes-like object is required, not 'str'
2018-11-26 10:26:45,289 INFO gateway: INIT gateway...
2018-11-30 09:49:09,221 INFO gateway: INIT gateway...
2018-11-30 09:57:18,670 INFO gateway: INIT gateway...
2018-11-30 10:01:06,023 INFO gateway: INIT gateway...
2018-11-30 10:03:23,462 INFO gateway: INIT gateway...
2018-11-30 10:04:22,156 INFO gateway: INIT gateway...
2018-11-30 10:06:02,456 INFO gateway: INIT gateway...
2018-11-30 10:08:16,189 INFO gateway: INIT gateway...
2018-11-30 10:09:26,188 INFO gateway: INIT gateway...
2018-11-30 10:10:48,819 INFO gateway: INIT gateway...
2018-11-30 10:13:24,342 INFO gateway: INIT gateway...
2018-12-03 06:13:29,485 INFO gateway: INIT gateway...
2018-12-03 06:46:41,061 INFO gateway: INIT gateway...
2018-12-03 06:52:05,748 INFO gateway: INIT gateway...
2018-12-03 06:55:10,610 INFO gateway: INIT gateway...
2018-12-03 07:35:10,842 INFO gateway: INIT gateway...
2018-12-03 07:41:47,853 INFO gateway: INIT gateway...
2018-12-03 07:44:23,824 INFO gateway: INIT gateway...
2018-12-03 09:33:05,271 INFO gateway: INIT gateway...
2018-12-04 07:02:40,557 INFO gateway: INIT gateway...
2018-12-04 07:02:53,737 INFO gateway: INIT gateway...
2018-12-04 07:02:53,915 INFO gateway: TypeError a bytes-like object is required, not 'str'
2018-12-04 07:03:11,055 INFO gateway: INIT gateway...
2018-12-04 07:03:11,139 INFO gateway: TypeError a bytes-like object is required, not 'str'
2018-12-04 07:03:22,217 INFO gateway: INIT gateway...
2018-12-04 07:03:22,218 INFO gateway: Invalid schema: {'order_details': {0: {'product_id': ['Missing data for required field.']}}}
2018-12-04 07:03:22,218 INFO gateway: 'Response' object is not subscriptable
2018-12-04 07:03:32,504 INFO gateway: INIT gateway...
2018-12-04 07:03:32,505 INFO gateway: Invalid schema: {'order_details': {0: {'product_id': ['Missing data for required field.']}}}
2018-12-04 07:03:39,897 INFO gateway: INIT gateway...
2018-12-04 07:03:39,898 INFO gateway: Invalid schema: {'order_details': {0: {'product_id': ['Missing data for required field.']}}}
2018-12-04 07:03:39,898 INFO gateway: 'Response' object is not subscriptable
2018-12-04 07:06:26,168 INFO gateway: INIT gateway...
2018-12-04 07:06:26,169 INFO gateway: Invalid schema: {'order_details': {0: {'product_id': ['Missing data for required field.']}}}
2018-12-04 07:06:43,366 INFO gateway: INIT gateway...
2018-12-04 07:06:43,367 INFO gateway: Invalid schema: {'order_details': {0: {'product_id': ['Missing data for required field.']}}}
2018-12-04 07:06:43,367 INFO gateway: 'Response' object is not subscriptable
2018-12-04 07:16:04,229 INFO gateway: INIT gateway...
2018-12-04 07:16:04,231 INFO gateway: Invalid schema: {'order_details': {0: {'product_id': ['Missing data for required field.']}}}
2018-12-04 07:16:28,323 INFO gateway: INIT gateway...
2018-12-04 07:16:28,324 INFO gateway: Invalid schema: {'order_details': {0: {'product_id': ['Missing data for required field.']}}}
2018-12-04 07:16:34,895 INFO gateway: INIT gateway...
2018-12-04 07:16:34,896 INFO gateway: Invalid schema: {'order_details': {0: {'product_id': ['Missing data for required field.']}}}
2018-12-04 07:17:52,120 INFO gateway: INIT gateway...
2018-12-04 07:17:52,153 INFO gateway: Invalid schema: {'order_details': {0: {'product_id': ['Missing data for required field.']}}}
2018-12-04 07:17:52,154 INFO gateway: 'Response' object is not subscriptable
2018-12-04 07:22:47,439 INFO gateway: INIT gateway...
2018-12-04 07:22:47,441 INFO gateway: Invalid schema: {'order_details': {0: {'product_id': ['Missing data for required field.']}}}
2018-12-04 07:22:47,441 INFO gateway: 'Response' object is not subscriptable
2018-12-04 07:23:43,159 INFO gateway: INIT gateway...
2018-12-04 07:23:43,160 INFO gateway: Invalid schema: {'order_details': {0: {'product_id': ['Missing data for required field.']}}}
2018-12-04 07:23:43,161 INFO gateway: 'Response' object is not subscriptable
2018-12-04 07:24:50,393 INFO gateway: INIT gateway...
2018-12-04 07:24:50,395 INFO gateway: Invalid schema: {'order_details': {0: {'product_id': ['Missing data for required field.']}}}
2018-12-04 07:27:15,106 INFO gateway: INIT gateway...
2018-12-04 07:27:15,108 INFO gateway: Invalid schema: {'order_details': {0: {'product_id': ['Missing data for required field.']}}}
2018-12-04 07:27:21,997 INFO gateway: INIT gateway...
2018-12-04 07:27:22,089 INFO gateway: TypeError a bytes-like object is required, not 'str'
2018-12-04 07:27:25,741 INFO gateway: INIT gateway...
2018-12-04 07:27:34,348 INFO gateway: INIT gateway...
2018-12-04 07:27:34,348 INFO gateway: Invalid schema: {'order_details': {0: {'product_id': ['Missing data for required field.']}}}
2018-12-04 07:29:00,785 INFO gateway: INIT gateway...
2018-12-04 07:29:00,896 INFO gateway: TypeError a bytes-like object is required, not 'str'
2018-12-04 07:39:36,038 INFO gateway: INIT gateway...
2018-12-04 07:39:36,117 INFO gateway: TypeError a bytes-like object is required, not 'str'
2018-12-04 07:39:41,511 INFO gateway: INIT gateway...
2018-12-04 07:39:41,614 INFO gateway: TypeError a bytes-like object is required, not 'str'
2018-12-04 07:39:50,386 INFO gateway: INIT gateway...
2018-12-04 07:40:05,890 INFO gateway: INIT gateway...
2018-12-04 07:40:05,955 INFO gateway: TypeError a bytes-like object is required, not 'str'
2018-12-04 07:40:13,456 INFO gateway: INIT gateway...
2018-12-04 07:40:13,457 INFO gateway: Invalid schema: {'order_details': {0: {'product_id': ['Missing data for required field.']}}}
2018-12-04 07:40:18,395 INFO gateway: INIT gateway...
2018-12-04 07:40:18,395 INFO gateway: Invalid schema: {'order_details': {0: {'product_id': ['Missing data for required field.']}}}
2018-12-04 07:40:25,322 INFO gateway: INIT gateway...
2018-12-04 07:40:32,721 INFO gateway: INIT gateway...
2018-12-04 07:41:09,349 INFO gateway: INIT gateway...
2018-12-04 07:41:09,443 INFO gateway: TypeError a bytes-like object is required, not 'str'
2018-12-04 07:52:18,526 INFO gateway: INIT gateway...
2018-12-04 07:52:18,605 INFO gateway: TypeError a bytes-like object is required, not 'str'
2018-12-04 07:52:26,599 INFO gateway: INIT gateway...
2018-12-04 07:52:26,687 INFO gateway: TypeError a bytes-like object is required, not 'str'
2018-12-04 07:52:35,833 INFO gateway: INIT gateway...
2018-12-04 07:52:45,807 INFO gateway: INIT gateway...
2018-12-04 07:52:45,895 INFO gateway: TypeError a bytes-like object is required, not 'str'
2018-12-04 07:52:52,653 INFO gateway: INIT gateway...
2018-12-04 07:54:47,835 INFO gateway: INIT gateway...
2018-12-04 07:54:47,938 INFO gateway: TypeError a bytes-like object is required, not 'str'
2018-12-04 07:55:37,015 INFO gateway: INIT gateway...
2018-12-04 07:55:37,095 INFO gateway: TypeError a bytes-like object is required, not 'str'
2018-12-04 07:55:49,838 INFO gateway: INIT gateway...
2018-12-04 07:55:50,185 INFO gateway: TypeError a bytes-like object is required, not 'str'
2018-12-04 07:55:54,676 INFO gateway: INIT gateway...
2018-12-04 07:55:54,768 INFO gateway: TypeError a bytes-like object is required, not 'str'
2018-12-04 07:56:50,503 INFO gateway: INIT gateway...
2018-12-04 07:57:23,424 INFO gateway: INIT gateway...
2018-12-04 07:57:30,997 INFO gateway: INIT gateway...
2018-12-04 07:57:50,830 INFO gateway: INIT gateway...
2018-12-04 07:57:50,953 INFO gateway: TypeError a bytes-like object is required, not 'str'
2018-12-04 07:58:43,320 INFO gateway: INIT gateway...
2018-12-04 07:58:43,425 INFO gateway: TypeError a bytes-like object is required, not 'str'
2018-12-04 07:58:51,554 INFO gateway: INIT gateway...
2018-12-04 07:58:51,554 INFO gateway: Invalid json: Expecting ',' delimiter: line 4 column 40 (char 98)
2018-12-04 07:58:57,671 INFO gateway: INIT gateway...
2018-12-04 07:58:57,672 INFO gateway: Invalid json: Expecting ',' delimiter: line 4 column 40 (char 98)
2018-12-04 07:59:05,332 INFO gateway: INIT gateway...
2018-12-04 07:59:05,333 INFO gateway: Invalid json: Expecting ',' delimiter: line 4 column 40 (char 98)
2018-12-04 07:59:48,421 INFO gateway: INIT gateway...
2018-12-04 07:59:53,417 INFO gateway: INIT gateway...
2018-12-04 08:01:00,498 INFO gateway: INIT gateway...
2018-12-04 08:01:00,499 INFO gateway: Invalid json: Expecting value: line 14 column 37 (char 490)
2018-12-04 08:01:17,941 INFO gateway: INIT gateway...
2018-12-04 08:01:18,187 INFO gateway: OutOfStock Product ID 2 is insufficient
2018-12-04 08:01:26,306 INFO gateway: INIT gateway...
2018-12-04 08:01:26,519 INFO gateway: gateway._createOrder: OutOfStock Product ID 2 is insufficient
2018-12-04 08:01:26,519 INFO gateway: OutOfStock Product ID 2 is insufficient
2018-12-04 08:01:34,318 INFO gateway: INIT gateway...
2018-12-04 08:01:34,541 INFO gateway: OutOfStock Product ID 2 is insufficient
2018-12-04 08:09:24,570 INFO gateway: INIT gateway...
2018-12-04 08:10:41,619 INFO gateway: INIT gateway...
2018-12-04 08:10:53,845 INFO gateway: INIT gateway...
2018-12-04 08:10:54,076 INFO gateway: OutOfStock Product ID 1 is insufficient
2018-12-04 08:16:33,375 INFO gateway: INIT gateway...
2018-12-04 08:22:53,205 INFO gateway: INIT gateway...
2018-12-04 08:24:38,811 INFO gateway: INIT gateway...
2018-12-04 08:30:47,221 INFO gateway: INIT gateway...
2018-12-04 08:41:15,525 INFO gateway: INIT gateway...
2018-12-04 08:41:15,692 INFO gateway: Object of type 'Decimal' is not JSON serializable
2018-12-04 08:44:50,171 INFO gateway: INIT gateway...
2018-12-04 08:44:50,251 INFO gateway: string indices must be integers
2018-12-04 08:58:10,236 INFO gateway: INIT gateway...
2018-12-04 08:58:10,241 INFO gateway: Object of type 'Decimal' is not JSON serializable
2018-12-04 08:58:19,439 INFO gateway: INIT gateway...
2018-12-04 08:58:19,440 INFO gateway: Object of type 'Decimal' is not JSON serializable
2018-12-04 08:59:08,371 INFO gateway: INIT gateway...
2018-12-04 09:00:56,644 INFO gateway: INIT gateway...
2018-12-04 09:00:56,856 INFO gateway: OutOfStock Product ID 1 is insufficient
2018-12-04 09:01:03,596 INFO gateway: INIT gateway...
2018-12-04 09:01:03,696 INFO gateway: TypeError a bytes-like object is required, not 'str'
2018-12-04 09:01:11,064 INFO gateway: INIT gateway...
2018-12-04 09:01:11,154 INFO gateway: TypeError a bytes-like object is required, not 'str'
2018-12-04 09:03:47,622 INFO gateway: INIT gateway...
2018-12-04 09:03:47,707 INFO gateway: TypeError a bytes-like object is required, not 'str'
2018-12-04 09:03:56,337 INFO gateway: INIT gateway...
2018-12-04 09:04:06,350 INFO gateway: INIT gateway...
2018-12-04 09:04:06,429 INFO gateway: TypeError a bytes-like object is required, not 'str'
2018-12-04 09:05:47,256 INFO gateway: INIT gateway...
2018-12-04 09:05:47,333 INFO gateway: TypeError a bytes-like object is required, not 'str'
2018-12-04 09:08:17,086 INFO gateway: INIT gateway...
2018-12-04 09:08:17,197 INFO gateway: UnserializableValueError Unserializable value: `<generator object StorageWrapper.getSpecificList at 0x7f8bf5c25d00>`
2018-12-04 09:17:41,004 INFO gateway: INIT gateway...
2018-12-04 09:17:41,090 INFO gateway: UnserializableValueError Unserializable value: `<generator object StorageWrapper.getSpecificList at 0x7f8bf99a2360>`
2018-12-04 09:18:37,785 INFO gateway: INIT gateway...
2018-12-04 09:18:37,910 INFO gateway: TypeError a bytes-like object is required, not 'str'
2018-12-04 09:34:04,777 INFO gateway: INIT gateway...
2018-12-04 09:34:04,864 INFO gateway: AttributeError 'list' object has no attribute 'encode'
2018-12-04 09:35:12,070 INFO gateway: INIT gateway...
2018-12-04 09:35:12,156 INFO gateway: AttributeError 'list' object has no attribute 'decode'
2018-12-04 09:36:42,510 INFO gateway: INIT gateway...
2018-12-04 09:36:42,624 INFO gateway: AttributeError 'frozenset' object has no attribute 'pop'
2018-12-04 09:41:15,163 INFO gateway: INIT gateway...
2018-12-04 09:41:15,249 INFO gateway: Product ID frozenset({'5'}) does not exist
2018-12-04 09:41:34,005 INFO gateway: INIT gateway...
2018-12-04 09:41:34,084 INFO gateway: Product ID frozenset({'6', '5'}) does not exist
2018-12-04 09:41:43,321 INFO gateway: INIT gateway...
2018-12-04 09:43:02,234 INFO gateway: INIT gateway...
2018-12-04 09:43:02,323 INFO gateway: Product ID frozenset({'5'}) does not exist
2018-12-04 09:43:11,771 INFO gateway: INIT gateway...
2018-12-04 09:43:11,865 INFO gateway: Product ID frozenset({'5'}) does not exist
2018-12-04 09:43:15,666 INFO gateway: INIT gateway...
2018-12-04 09:43:15,748 INFO gateway: Product ID frozenset({'5'}) does not exist
2018-12-04 09:43:18,614 INFO gateway: INIT gateway...
2018-12-04 09:43:18,698 INFO gateway: Product ID frozenset({'6', '5'}) does not exist
2018-12-05 09:12:03,078 INFO gateway: INIT gateway...
2018-12-05 09:12:03,319 INFO gateway: ProgrammingError (psycopg2.ProgrammingError) relation "orders" does not exist
LINE 2: FROM orders 
             ^
 [SQL: 'SELECT orders.created_at AS orders_created_at, orders.updated_at AS orders_updated_at, orders.id AS orders_id, orders.status AS orders_status \nFROM orders \nWHERE orders.status = %(status_1)s \n LIMIT %(param_1)s'] [parameters: {'status_1': 'CREATED', 'param_1': 1}] (Background on this error at: http://sqlalche.me/e/f405)
2018-12-05 09:18:16,449 INFO gateway: INIT gateway...
2018-12-05 09:18:16,679 INFO gateway: 'OrdersService' object has no attribute 'createCart'
2018-12-05 09:20:38,617 INFO gateway: INIT gateway...
2018-12-05 09:20:38,954 INFO gateway: 'dict' object has no attribute 'order_details'
2018-12-05 09:27:25,376 INFO gateway: INIT gateway...
2018-12-05 09:27:25,550 INFO gateway: 'dict' object has no attribute 'order_details'
2018-12-05 09:28:56,172 INFO gateway: INIT gateway...
2018-12-05 09:28:56,400 INFO gateway: 'dict' object has no attribute 'order_details'
2018-12-05 09:30:19,570 INFO gateway: INIT gateway...
2018-12-05 09:30:19,779 INFO gateway: 'dict' object has no attribute 'order_details'
2018-12-05 09:31:04,485 INFO gateway: INIT gateway...
2018-12-05 09:31:10,732 INFO gateway: INIT gateway...
2018-12-05 09:31:10,882 INFO gateway: 'Order' object is not subscriptable
2018-12-05 09:31:55,440 INFO gateway: INIT gateway...
2018-12-05 09:31:55,825 INFO gateway: 'Order' object is not subscriptable
2018-12-05 09:35:46,564 INFO gateway: INIT gateway...
2018-12-05 09:35:46,767 INFO gateway: 'Order' object has no attribute 'update'
2018-12-05 09:38:58,984 INFO gateway: INIT gateway...
2018-12-05 09:41:54,066 INFO gateway: INIT gateway...
2018-12-05 09:41:54,369 INFO gateway: 'Order' object has no attribute 'update'
2018-12-05 09:50:03,819 INFO gateway: INIT gateway...
2018-12-05 10:04:40,413 INFO gateway: INIT gateway...
2018-12-05 10:04:40,603 INFO gateway: 'Session' object has no attribute 'update'
2018-12-05 10:08:25,220 INFO gateway: INIT gateway...
2018-12-05 10:08:25,428 INFO gateway: FROM expression expected
2018-12-05 10:12:48,762 INFO gateway: INIT gateway...
2018-12-05 10:12:49,000 INFO gateway: FROM expression expected
2018-12-05 10:13:20,251 INFO gateway: INIT gateway...
2018-12-05 10:13:20,393 INFO gateway: FROM expression expected
2018-12-05 10:18:58,027 INFO gateway: INIT gateway...
2018-12-05 10:18:58,241 INFO gateway: FROM expression expected
2018-12-05 10:23:09,576 INFO gateway: INIT gateway...
2018-12-05 10:23:09,766 INFO gateway: FROM expression expected
2018-12-05 10:25:17,940 INFO gateway: INIT gateway...
2018-12-05 10:25:18,564 INFO gateway: FROM expression expected
2018-12-05 10:28:12,190 INFO gateway: INIT gateway...
2018-12-05 10:28:12,452 INFO gateway: 'Session' object has no attribute 'id'
2018-12-05 10:45:59,162 INFO gateway: INIT gateway...
2018-12-05 10:45:59,399 INFO gateway: 'Session' object has no attribute 'id'
2018-12-05 10:47:02,650 INFO gateway: INIT gateway...
2018-12-05 10:47:02,992 INFO gateway: 'Query' object has no attribute 'where'
2018-12-05 10:47:37,577 INFO gateway: INIT gateway...
2018-12-05 10:48:11,829 INFO gateway: INIT gateway...
2018-12-05 10:48:25,820 INFO gateway: INIT gateway...
2018-12-05 10:49:40,841 INFO gateway: INIT gateway...
2018-12-05 10:49:41,098 INFO gateway: SQL expression, column, or mapped entity expected - got '<orders.models.Order object at 0x7fb24c2e9f28>'
2018-12-05 10:57:04,572 INFO gateway: INIT gateway...
2018-12-05 10:57:04,761 INFO gateway: 'Order' object has no attribute 'update'
2018-12-05 10:57:47,474 INFO gateway: INIT gateway...
2018-12-05 10:59:35,623 INFO gateway: INIT gateway...
2018-12-05 11:01:38,787 INFO gateway: INIT gateway...
2018-12-05 11:01:38,974 INFO gateway: 'dict' object has no attribute 'order_details'
2018-12-05 11:02:38,981 INFO gateway: INIT gateway...
2018-12-05 11:02:39,232 INFO gateway: unhashable type: 'dict'
2018-12-07 05:28:23,474 INFO gateway: INIT gateway...
2018-12-07 05:31:11,179 INFO gateway: INIT gateway...
2018-12-07 06:02:48,636 INFO gateway: INIT gateway...
2018-12-07 06:02:48,830 INFO gateway: ArgumentError Error creating backref 'order' on relationship 'Order.order_details': property of that name exists on mapper 'Mapper|OrderDetail|order_details'
2018-12-07 06:07:16,331 INFO gateway: INIT gateway...
2018-12-07 06:07:16,664 INFO gateway: unhashable type: 'dict'
2018-12-07 06:12:31,805 INFO gateway: INIT gateway...
2018-12-07 06:34:32,985 INFO gateway: INIT gateway...
2018-12-07 06:34:54,836 INFO gateway: INIT gateway...
2018-12-07 06:40:29,697 INFO gateway: INIT gateway...
2018-12-07 06:42:39,146 INFO gateway: INIT gateway...
2018-12-07 06:47:39,618 INFO gateway: INIT gateway...
2018-12-07 06:47:39,833 INFO gateway: 'dict' object has no attribute 'product_id'
2018-12-07 06:48:25,535 INFO gateway: INIT gateway...
2018-12-07 06:48:25,797 INFO gateway: 'dict' object has no attribute 'product_id'
2018-12-07 06:48:59,882 INFO gateway: INIT gateway...
2018-12-07 06:49:22,917 INFO gateway: INIT gateway...
2018-12-07 06:49:23,327 INFO gateway: OutOfStock Product ID 1 is insufficient
2018-12-07 06:49:42,815 INFO gateway: INIT gateway...
2018-12-07 06:49:42,972 INFO gateway: OutOfStock Product ID 1 is insufficient
2018-12-07 06:52:07,466 INFO gateway: INIT gateway...
2018-12-07 06:52:56,662 INFO gateway: INIT gateway...
2018-12-07 06:53:28,387 INFO gateway: INIT gateway...
2018-12-07 06:53:54,215 INFO gateway: INIT gateway...
2018-12-07 06:53:54,507 INFO gateway: OutOfStock Product ID 2 is insufficient
2018-12-07 06:54:11,256 INFO gateway: INIT gateway...
2018-12-07 07:13:01,836 INFO gateway: INIT gateway...
2018-12-07 07:13:01,980 INFO gateway: Product ID frozenset({'3'}) does not exist
2018-12-07 07:14:24,001 INFO gateway: INIT gateway...
2018-12-07 07:14:24,197 INFO gateway: 'dict' object has no attribute '_sa_instance_state'
2018-12-07 07:15:42,819 INFO gateway: INIT gateway...
2018-12-07 07:15:42,999 INFO gateway: 'InstrumentedList' object has no attribute 'add'
2018-12-07 07:48:45,874 INFO gateway: INIT gateway...
2018-12-07 07:48:46,060 INFO gateway: 'InstrumentedList' object has no attribute 'push'
2018-12-07 07:53:51,873 INFO gateway: INIT gateway...
2018-12-07 07:53:52,116 INFO gateway: Class 'builtins.dict' is not mapped
2018-12-07 07:54:36,690 INFO gateway: INIT gateway...
2018-12-07 07:54:36,926 INFO gateway: __init__() takes 1 positional argument but 2 were given
2018-12-07 07:57:03,809 INFO gateway: INIT gateway...
2018-12-07 07:57:45,636 INFO gateway: INIT gateway...
2018-12-07 07:59:22,525 INFO gateway: INIT gateway...
2018-12-07 07:59:32,911 INFO gateway: INIT gateway...
2018-12-07 07:59:47,537 INFO gateway: INIT gateway...
2018-12-07 08:00:42,896 INFO gateway: INIT gateway...
2018-12-07 08:03:50,722 INFO gateway: INIT gateway...
2018-12-07 08:03:50,900 INFO gateway: 'function' object has no attribute 'filter_by'
2018-12-07 08:04:31,791 INFO gateway: INIT gateway...
2018-12-07 08:04:45,133 INFO gateway: INIT gateway...
2018-12-07 08:05:12,782 INFO gateway: INIT gateway...
2018-12-07 08:05:24,202 INFO gateway: INIT gateway...
2018-12-07 08:05:29,932 INFO gateway: INIT gateway...
2018-12-07 08:05:36,453 INFO gateway: INIT gateway...
2018-12-07 08:08:06,526 INFO gateway: INIT gateway...
2018-12-07 08:08:48,808 INFO gateway: INIT gateway...
2018-12-07 08:08:49,000 INFO gateway: Object '<OrderDetail at 0x7fe9883b9f98>' is already attached to session '4' (this is '3')
2018-12-07 08:10:06,883 INFO gateway: INIT gateway...
2018-12-07 08:10:18,485 INFO gateway: INIT gateway...
2018-12-07 08:11:19,455 INFO gateway: INIT gateway...
2018-12-07 08:11:25,693 INFO gateway: INIT gateway...
2018-12-07 08:11:25,888 INFO gateway: Object '<OrderDetail at 0x7f4015708e48>' is already attached to session '4' (this is '3')
2018-12-07 08:18:21,906 INFO gateway: INIT gateway...
2018-12-07 08:19:09,185 INFO gateway: INIT gateway...
2018-12-07 08:19:19,262 INFO gateway: INIT gateway...
2018-12-07 08:19:31,918 INFO gateway: INIT gateway...
2018-12-07 08:20:33,630 INFO gateway: INIT gateway...
2018-12-07 08:20:41,991 INFO gateway: INIT gateway...
2018-12-07 08:20:50,577 INFO gateway: INIT gateway...
2018-12-07 08:21:01,851 INFO gateway: INIT gateway...
2018-12-07 08:23:30,650 INFO gateway: INIT gateway...
2018-12-07 08:36:16,516 INFO gateway: INIT gateway...
2018-12-07 08:36:57,256 INFO gateway: INIT gateway...
2018-12-07 08:37:15,477 INFO gateway: INIT gateway...
2018-12-07 08:37:15,675 INFO gateway: OutOfStock Product ID 2 is insufficient
2018-12-07 08:37:26,108 INFO gateway: INIT gateway...
2018-12-07 08:39:12,161 INFO gateway: INIT gateway...
2018-12-07 08:39:53,461 INFO gateway: INIT gateway...
2018-12-07 08:40:43,508 INFO gateway: INIT gateway...
2018-12-07 08:43:33,331 INFO gateway: INIT gateway...
2018-12-07 08:43:47,827 INFO gateway: INIT gateway...
2018-12-07 08:43:58,293 INFO gateway: INIT gateway...
2018-12-07 08:51:51,649 INFO gateway: INIT gateway...
2018-12-07 08:51:51,907 INFO gateway: OperationalError (psycopg2.OperationalError) server closed the connection unexpectedly
	This probably means the server terminated abnormally
	before or while processing the request.
 [SQL: 'SELECT orders.created_at AS orders_created_at, orders.updated_at AS orders_updated_at, orders.id AS orders_id, orders.status AS orders_status \nFROM orders \nWHERE orders.status = %(status_1)s \n LIMIT %(param_1)s'] [parameters: {'status_1': 'CREATED', 'param_1': 1}] (Background on this error at: http://sqlalche.me/e/e3q8)
2018-12-07 08:52:58,561 INFO gateway: INIT gateway...
2018-12-07 08:52:58,781 INFO gateway: (psycopg2.IntegrityError) null value in column "user_id" violates not-null constraint
DETAIL:  Failing row contains (1, CREATED, null, 2018-12-07, 2018-12-07).
 [SQL: 'INSERT INTO orders (created_at, updated_at, status) VALUES (%(created_at)s, %(updated_at)s, %(status)s) RETURNING orders.id'] [parameters: {'created_at': datetime.datetime(2018, 12, 7, 8, 43, 28, 304349), 'updated_at': datetime.datetime(2018, 12, 7, 8, 43, 28, 304536), 'status': 'CREATED'}] (Background on this error at: http://sqlalche.me/e/gkpj)
2018-12-07 08:54:31,095 INFO gateway: INIT gateway...
2018-12-07 08:54:31,266 INFO gateway: OperationalError (psycopg2.OperationalError) server closed the connection unexpectedly
	This probably means the server terminated abnormally
	before or while processing the request.
 [SQL: 'SELECT orders.created_at AS orders_created_at, orders.updated_at AS orders_updated_at, orders.id AS orders_id, orders.status AS orders_status \nFROM orders \nWHERE orders.status = %(status_1)s \n LIMIT %(param_1)s'] [parameters: {'status_1': 'CREATED', 'param_1': 1}] (Background on this error at: http://sqlalche.me/e/e3q8)
2018-12-07 08:57:36,724 INFO gateway: INIT gateway...
2018-12-07 08:57:36,831 INFO gateway: 'NoneType' object has no attribute 'status'
2018-12-07 09:00:12,746 INFO gateway: INIT gateway...
2018-12-07 09:00:12,917 INFO gateway: (psycopg2.IntegrityError) null value in column "user_id" violates not-null constraint
DETAIL:  Failing row contains (1, CREATED, null, 2018-12-07, 2018-12-07).
 [SQL: 'INSERT INTO orders (created_at, updated_at, status) VALUES (%(created_at)s, %(updated_at)s, %(status)s) RETURNING orders.id'] [parameters: {'created_at': datetime.datetime(2018, 12, 7, 8, 43, 28, 304349), 'updated_at': datetime.datetime(2018, 12, 7, 8, 43, 28, 304536), 'status': 'CREATED'}] (Background on this error at: http://sqlalche.me/e/gkpj)
2018-12-07 09:00:25,371 INFO gateway: INIT gateway...
2018-12-07 09:00:25,549 INFO gateway: (psycopg2.IntegrityError) null value in column "user_id" violates not-null constraint
DETAIL:  Failing row contains (2, CREATED, null, 2018-12-07, 2018-12-07).
 [SQL: 'INSERT INTO orders (created_at, updated_at, status) VALUES (%(created_at)s, %(updated_at)s, %(status)s) RETURNING orders.id'] [parameters: {'created_at': datetime.datetime(2018, 12, 7, 8, 43, 28, 304349), 'updated_at': datetime.datetime(2018, 12, 7, 8, 43, 28, 304536), 'status': 'CREATED'}] (Background on this error at: http://sqlalche.me/e/gkpj)
2018-12-07 09:13:36,900 INFO gateway: INIT gateway...
2018-12-10 08:40:23,906 INFO gateway: INIT gateway...
2018-12-10 08:40:46,334 INFO gateway: INIT gateway...
2018-12-10 08:53:47,190 INFO gateway: INIT gateway...
2018-12-10 08:53:47,722 INFO gateway: OperationalError (psycopg2.OperationalError) server closed the connection unexpectedly
	This probably means the server terminated abnormally
	before or while processing the request.
 [SQL: 'SELECT orders.created_at AS orders_created_at, orders.updated_at AS orders_updated_at, orders.id AS orders_id, orders.status AS orders_status \nFROM orders \nWHERE orders.status = %(status_1)s \n LIMIT %(param_1)s'] [parameters: {'status_1': 'CREATED', 'param_1': 1}] (Background on this error at: http://sqlalche.me/e/e3q8)
2018-12-10 08:53:47,723 INFO gateway: OperationalError (psycopg2.OperationalError) server closed the connection unexpectedly
	This probably means the server terminated abnormally
	before or while processing the request.
 [SQL: 'SELECT orders.created_at AS orders_created_at, orders.updated_at AS orders_updated_at, orders.id AS orders_id, orders.status AS orders_status \nFROM orders \nWHERE orders.status = %(status_1)s \n LIMIT %(param_1)s'] [parameters: {'status_1': 'CREATED', 'param_1': 1}] (Background on this error at: http://sqlalche.me/e/e3q8)
2018-12-10 08:56:34,060 INFO gateway: INIT gateway...
2018-12-10 09:03:20,340 INFO gateway: INIT gateway...
2018-12-10 09:04:11,120 INFO gateway: INIT gateway...
2018-12-10 09:06:25,999 INFO gateway: INIT gateway...
2018-12-10 09:16:19,799 INFO gateway: INIT gateway...
2018-12-10 09:16:19,938 INFO gateway: 'NoneType' object has no attribute 'customer_id'
2018-12-10 09:16:19,938 INFO gateway: 'NoneType' object has no attribute 'customer_id'
2018-12-10 09:16:55,756 INFO gateway: INIT gateway...
2018-12-10 09:28:10,796 INFO gateway: INIT gateway...
2018-12-10 09:54:20,444 INFO gateway: INIT gateway...
2018-12-10 09:54:20,619 INFO gateway: ValidationError {'category': ['Missing data for required field.']}
2018-12-10 09:55:20,083 INFO gateway: INIT gateway...
2018-12-10 09:55:20,168 INFO gateway: ValidationError {'category': ['Missing data for required field.']}
2018-12-10 09:56:20,408 INFO gateway: INIT gateway...
2018-12-10 09:56:20,490 INFO gateway: ValidationError {'category': ['Missing data for required field.']}
2018-12-10 09:56:33,881 INFO gateway: INIT gateway...
2018-12-10 09:56:33,939 INFO gateway: ValidationError {'category': ['Missing data for required field.']}
2018-12-10 09:59:12,161 INFO gateway: INIT gateway...
2018-12-10 09:59:12,232 INFO gateway: ValidationError {'category': ['Missing data for required field.']}
2018-12-10 09:59:30,510 INFO gateway: INIT gateway...
2018-12-10 09:59:30,574 INFO gateway: ValidationError {'category': ['Missing data for required field.']}
2018-12-10 10:01:20,355 INFO gateway: INIT gateway...
2018-12-10 10:01:20,485 INFO gateway: ValidationError {'category': ['Missing data for required field.']}
2018-12-10 10:04:02,027 INFO gateway: INIT gateway...
2018-12-10 10:04:36,500 INFO gateway: INIT gateway...
2018-12-10 10:05:29,114 INFO gateway: INIT gateway...
2018-12-10 10:06:16,653 INFO gateway: INIT gateway...
2018-12-10 10:06:59,587 INFO gateway: INIT gateway...
2018-12-10 10:08:46,468 INFO gateway: INIT gateway...
2018-12-10 10:08:53,835 INFO gateway: INIT gateway...
2018-12-11 06:36:41,078 INFO gateway: INIT gateway...
2018-12-11 06:41:52,578 INFO gateway: INIT gateway...
2018-12-11 06:46:12,218 INFO gateway: INIT gateway...
2018-12-11 07:22:31,726 INFO gateway: INIT gateway...
2018-12-11 07:22:39,064 INFO gateway: INIT gateway...
2018-12-11 07:22:47,096 INFO gateway: INIT gateway...
2018-12-11 07:22:56,572 INFO gateway: INIT gateway...
2018-12-11 07:23:04,718 INFO gateway: INIT gateway...
2018-12-11 07:24:26,115 INFO gateway: INIT gateway...
2018-12-11 07:24:26,115 INFO gateway: Invalid json: Expecting value: line 17 column 17 (char 574)
2018-12-11 07:24:26,116 INFO gateway: Invalid json: Expecting value: line 17 column 17 (char 574)
2018-12-11 07:24:42,325 INFO gateway: INIT gateway...
2018-12-11 08:51:28,728 INFO gateway: INIT gateway...
2018-12-11 08:54:46,835 INFO gateway: INIT gateway...
2018-12-11 08:55:16,656 INFO gateway: INIT gateway...
2018-12-11 08:55:21,855 INFO gateway: INIT gateway...
2018-12-11 08:55:21,908 INFO gateway: AttributeError 'NoneType' object has no attribute 'id'
2018-12-11 08:57:40,633 INFO gateway: INIT gateway...
2018-12-11 08:57:40,716 INFO gateway: AttributeError 'NoneType' object has no attribute 'id'
2018-12-11 08:59:32,055 INFO gateway: INIT gateway...
2018-12-11 08:59:32,135 INFO gateway: AttributeError 'NoneType' object has no attribute 'id'
2018-12-11 09:00:43,850 INFO gateway: INIT gateway...
2018-12-11 09:00:43,922 INFO gateway: AttributeError 'NoneType' object has no attribute 'id'
2018-12-11 09:02:45,612 INFO gateway: INIT gateway...
2018-12-11 09:02:45,717 INFO gateway: AttributeError 'NoneType' object has no attribute 'id'
2018-12-11 09:04:56,518 INFO gateway: INIT gateway...
2018-12-11 09:04:57,501 INFO gateway: Order with customer id 1 not found
2018-12-11 09:08:56,813 INFO gateway: INIT gateway...
2018-12-11 09:09:22,280 INFO gateway: INIT gateway...
2018-12-11 09:12:02,448 INFO gateway: INIT gateway...
2018-12-11 09:12:14,648 INFO gateway: INIT gateway...
2018-12-11 09:12:21,171 INFO gateway: INIT gateway...
2018-12-11 09:12:24,165 INFO gateway: INIT gateway...
2018-12-11 09:12:30,011 INFO gateway: INIT gateway...
2018-12-11 09:12:30,073 INFO gateway: 'NoneType' object has no attribute 'id'
2018-12-11 09:12:30,073 INFO gateway: 'NoneType' object has no attribute 'id'
2018-12-11 09:12:33,349 INFO gateway: INIT gateway...
2018-12-11 09:12:33,407 INFO gateway: Order with customer id 1 not found
2018-12-11 09:13:25,340 INFO gateway: INIT gateway...
2018-12-11 09:13:27,884 INFO gateway: INIT gateway...
2018-12-11 09:13:33,083 INFO gateway: INIT gateway...
2018-12-11 09:13:35,671 INFO gateway: INIT gateway...
2018-12-11 09:13:37,717 INFO gateway: INIT gateway...
2018-12-11 09:13:38,849 INFO gateway: INIT gateway...
2018-12-11 09:13:50,778 INFO gateway: INIT gateway...
2018-12-11 09:13:51,438 INFO gateway: INIT gateway...
2018-12-11 09:13:52,202 INFO gateway: INIT gateway...
2018-12-11 09:14:09,203 INFO gateway: INIT gateway...
2018-12-11 09:14:11,808 INFO gateway: INIT gateway...
2018-12-11 09:14:11,867 INFO gateway: Order with customer id 1 not found
2018-12-11 09:14:16,393 INFO gateway: INIT gateway...
2018-12-11 09:14:18,383 INFO gateway: INIT gateway...
2018-12-11 09:14:21,240 INFO gateway: INIT gateway...
2018-12-11 09:14:22,289 INFO gateway: INIT gateway...
2018-12-11 09:14:33,034 INFO gateway: INIT gateway...
2018-12-11 09:14:34,850 INFO gateway: INIT gateway...
2018-12-11 09:14:36,616 INFO gateway: INIT gateway...
2018-12-11 09:14:38,129 INFO gateway: INIT gateway...
2018-12-11 09:14:40,318 INFO gateway: INIT gateway...
2018-12-11 09:14:41,530 INFO gateway: INIT gateway...
2018-12-11 09:14:43,346 INFO gateway: INIT gateway...
2018-12-11 09:16:31,831 INFO gateway: INIT gateway...
2018-12-11 09:16:37,454 INFO gateway: INIT gateway...
2018-12-11 09:16:39,433 INFO gateway: INIT gateway...
2018-12-11 09:16:41,424 INFO gateway: INIT gateway...
2018-12-11 09:16:43,033 INFO gateway: INIT gateway...
2018-12-11 09:16:43,109 INFO gateway: Order with customer id 1 not found
2018-12-11 09:35:27,232 INFO gateway: INIT gateway...
2018-12-11 09:35:27,532 INFO gateway: Order with customer id 1 not found
2018-12-11 09:35:30,972 INFO gateway: INIT gateway...
2018-12-11 09:35:31,065 INFO gateway: 'NoneType' object has no attribute 'id'
2018-12-11 09:35:31,065 INFO gateway: 'NoneType' object has no attribute 'id'
2018-12-11 09:36:35,661 INFO gateway: INIT gateway...
2018-12-11 09:36:41,466 INFO gateway: INIT gateway...
2018-12-11 09:36:41,545 INFO gateway: Order with customer id 1 not found
2018-12-11 09:36:42,912 INFO gateway: INIT gateway...
2018-12-11 09:36:42,980 INFO gateway: Order with customer id 1 not found
2018-12-11 09:36:48,563 INFO gateway: INIT gateway...
2018-12-11 09:37:43,106 INFO gateway: INIT gateway...
2018-12-11 09:38:28,843 INFO gateway: INIT gateway...
2018-12-11 09:39:13,006 INFO gateway: INIT gateway...
2018-12-11 09:39:13,987 INFO gateway: INIT gateway...
2018-12-11 09:41:19,335 INFO gateway: INIT gateway...
2018-12-11 09:41:22,763 INFO gateway: INIT gateway...
2018-12-11 09:46:22,920 INFO gateway: INIT gateway...
2018-12-11 09:46:25,783 INFO gateway: INIT gateway...
2018-12-11 09:48:54,227 INFO gateway: INIT gateway...
2018-12-11 09:49:10,263 INFO gateway: INIT gateway...
2018-12-11 09:49:14,857 INFO gateway: INIT gateway...
2018-12-11 09:49:37,078 INFO gateway: INIT gateway...
2018-12-11 09:49:42,262 INFO gateway: INIT gateway...
2018-12-11 09:51:27,239 INFO gateway: INIT gateway...
2018-12-11 10:07:08,381 INFO gateway: INIT gateway...
2018-12-11 10:39:10,772 INFO gateway: INIT gateway...
2018-12-11 10:39:15,782 INFO gateway: INIT gateway...
2018-12-11 10:39:56,299 INFO gateway: INIT gateway...
2018-12-11 10:40:04,814 INFO gateway: INIT gateway...
2018-12-11 10:40:49,786 INFO gateway: INIT gateway...
2018-12-11 10:40:52,205 INFO gateway: INIT gateway...
2018-12-11 10:40:52,259 INFO gateway: Order with customer id 3 not found
2018-12-11 10:42:05,464 INFO gateway: INIT gateway...
2018-12-11 10:42:08,261 INFO gateway: INIT gateway...
2018-12-11 10:42:25,916 INFO gateway: INIT gateway...
2018-12-11 10:42:27,884 INFO gateway: INIT gateway...
2018-12-11 10:44:04,807 INFO gateway: INIT gateway...
2018-12-11 10:44:07,010 INFO gateway: INIT gateway...
2018-12-11 10:44:07,054 INFO gateway: Order with customer id 3 not found
2018-12-11 10:44:14,432 INFO gateway: INIT gateway...
2018-12-11 10:44:16,826 INFO gateway: INIT gateway...
2018-12-11 10:45:02,462 INFO gateway: INIT gateway...
2018-12-11 10:50:00,165 INFO gateway: INIT gateway...
2018-12-11 10:50:04,868 INFO gateway: INIT gateway...
2018-12-11 10:51:12,136 INFO gateway: INIT gateway...
2018-12-11 10:51:12,326 INFO gateway: 'Session' object has no attribute 'update'
2018-12-11 10:51:12,326 INFO gateway: Product is out of stock!
2018-12-11 10:51:21,748 INFO gateway: INIT gateway...
2018-12-11 10:51:21,938 INFO gateway: 'Session' object has no attribute 'update'
2018-12-11 10:51:21,938 INFO gateway: Product is out of stock!
2018-12-11 10:51:26,104 INFO gateway: INIT gateway...
2018-12-11 10:51:28,065 INFO gateway: INIT gateway...
2018-12-11 10:51:28,122 INFO gateway: Order with customer id 3 not found
2018-12-11 10:51:36,696 INFO gateway: INIT gateway...
2018-12-11 10:51:38,738 INFO gateway: INIT gateway...
2018-12-11 10:51:52,753 INFO gateway: INIT gateway...
2018-12-11 10:51:52,933 INFO gateway: 'Session' object has no attribute 'update'
2018-12-11 10:51:52,934 INFO gateway: Product is out of stock!
2018-12-11 10:52:07,554 INFO gateway: INIT gateway...
2018-12-11 10:52:10,053 INFO gateway: INIT gateway...
2018-12-11 10:52:10,195 INFO gateway: 'Session' object has no attribute 'update'
2018-12-11 10:52:10,195 INFO gateway: Product is out of stock!
2018-12-11 10:52:20,040 INFO gateway: INIT gateway...
2018-12-11 10:52:25,789 INFO gateway: INIT gateway...
2018-12-11 10:52:25,969 INFO gateway: 'Session' object has no attribute 'update'
2018-12-11 10:52:25,969 INFO gateway: Product is out of stock!
2018-12-11 10:56:43,716 INFO gateway: INIT gateway...
2018-12-11 10:56:43,907 INFO gateway: list index out of range
2018-12-11 10:56:43,907 INFO gateway: Product is out of stock!
2018-12-11 10:58:17,489 INFO gateway: INIT gateway...
2018-12-11 10:58:22,326 INFO gateway: INIT gateway...
2018-12-11 10:59:20,644 INFO gateway: INIT gateway...
2018-12-11 10:59:22,404 INFO gateway: INIT gateway...
2018-12-11 10:59:56,726 INFO gateway: INIT gateway...
2018-12-11 10:59:58,812 INFO gateway: INIT gateway...
2018-12-11 11:00:29,842 INFO gateway: INIT gateway...
2018-12-11 11:00:31,978 INFO gateway: INIT gateway...
2018-12-11 11:00:32,057 INFO gateway: Order with customer id 3 not found
2018-12-12 06:41:55,199 INFO gateway: INIT gateway...
2018-12-12 06:41:55,466 INFO gateway: Product ID 1 existed in database
2018-12-12 06:42:17,751 INFO gateway: INIT gateway...
2018-12-12 06:42:17,802 INFO gateway: Product ID 4 does not exist
2018-12-12 06:46:10,066 INFO gateway: INIT gateway...
2018-12-12 06:46:41,200 INFO gateway: INIT gateway...
2018-12-12 06:46:41,202 INFO gateway: Invalid schema: {'products': {0: {'category': ['Missing data for required field.']}, 1: {'category': ['Missing data for required field.']}}}
2018-12-12 06:47:06,243 INFO gateway: INIT gateway...
2018-12-12 06:47:06,342 INFO gateway: Product ID 1 existed in database
2018-12-12 06:47:19,302 INFO gateway: INIT gateway...
2018-12-12 06:47:19,390 INFO gateway: Product ID 1 existed in database
2018-12-12 06:47:43,017 INFO gateway: INIT gateway...
2018-12-12 06:47:43,113 INFO gateway: Product ID 6 does not exist
2018-12-12 06:48:43,419 INFO gateway: INIT gateway...
2018-12-12 06:48:43,496 INFO gateway: Product ID 6 existed in database
2018-12-12 06:48:47,683 INFO gateway: INIT gateway...
2018-12-12 06:48:47,754 INFO gateway: Product ID 6 existed in database
2018-12-12 06:50:31,843 INFO gateway: INIT gateway...
2018-12-12 06:50:32,112 INFO gateway: Product ID 1 existed in database
2018-12-12 06:50:51,964 INFO gateway: INIT gateway...
2018-12-12 06:51:22,093 INFO gateway: INIT gateway...
2018-12-12 06:55:55,907 INFO gateway: INIT gateway...
2018-12-20 08:00:00,445 INFO gateway: INIT gateway...
2018-12-20 08:12:35,861 INFO gateway: INIT gateway...
