2018-12-27 05:41:04,089 INFO gateway: INIT gateway...
2018-12-27 05:42:10,634 INFO gateway: INIT gateway...
2018-12-27 05:46:17,890 INFO gateway: INIT gateway...
2018-12-27 05:46:56,848 INFO gateway: INIT gateway...
2018-12-27 05:47:41,267 INFO gateway: INIT gateway...
2018-12-27 05:50:29,678 INFO gateway: INIT gateway...
2018-12-27 06:00:17,289 INFO gateway: INIT gateway...
2018-12-27 06:01:36,815 INFO gateway: INIT gateway...
2018-12-27 06:03:49,881 INFO gateway: INIT gateway...
2018-12-27 06:04:28,942 INFO gateway: INIT gateway...
2018-12-27 06:05:11,615 INFO gateway: INIT gateway...
2018-12-27 06:06:05,578 INFO gateway: INIT gateway...
2018-12-27 06:06:30,301 INFO gateway: INIT gateway...
2018-12-27 06:07:49,517 INFO gateway: INIT gateway...
2018-12-27 06:09:19,927 INFO gateway: INIT gateway...
2018-12-27 06:10:00,945 INFO gateway: INIT gateway...
2018-12-27 06:10:46,540 INFO gateway: INIT gateway...
2018-12-27 06:10:52,985 INFO gateway: INIT gateway...
2018-12-27 06:11:05,995 INFO gateway: INIT gateway...
2018-12-27 06:45:27,167 INFO gateway: INIT gateway...
2018-12-27 06:53:38,084 INFO gateway: INIT gateway...
2018-12-27 06:54:58,640 INFO gateway: INIT gateway...
2018-12-27 06:56:31,954 INFO gateway: INIT gateway...
2018-12-27 06:56:44,364 INFO gateway: INIT gateway...
2018-12-27 06:56:55,738 INFO gateway: INIT gateway...
2018-12-27 06:57:23,886 INFO gateway: INIT gateway...
2018-12-27 06:57:48,393 INFO gateway: INIT gateway...
2018-12-27 07:04:35,095 INFO gateway: INIT gateway...
2018-12-27 07:06:02,950 INFO gateway: INIT gateway...
2018-12-27 08:16:36,375 INFO gateway: INIT gateway...
2019-01-02 03:45:30,597 INFO gateway: INIT gateway...
2019-01-02 03:48:40,637 INFO gateway: INIT gateway...
2019-01-02 03:49:53,587 INFO gateway: INIT gateway...
2019-01-02 03:50:22,671 INFO gateway: INIT gateway...
2019-01-02 03:50:31,553 INFO gateway: INIT gateway...
2019-01-02 03:50:55,841 INFO gateway: INIT gateway...
2019-01-02 03:51:59,924 INFO gateway: INIT gateway...
2019-01-02 03:54:04,152 INFO gateway: INIT gateway...
2019-01-02 03:54:56,368 INFO gateway: INIT gateway...
2019-01-02 03:55:04,541 INFO gateway: INIT gateway...
2019-01-02 03:57:00,188 INFO gateway: INIT gateway...
2019-01-02 03:59:28,414 INFO gateway: INIT gateway...
2019-01-02 04:00:41,016 INFO gateway: INIT gateway...
2019-01-02 04:01:02,272 INFO gateway: INIT gateway...
2019-01-02 04:01:18,580 INFO gateway: INIT gateway...
2019-01-02 04:03:00,044 INFO gateway: INIT gateway...
2019-01-02 04:05:35,863 INFO gateway: INIT gateway...
2019-01-02 04:05:35,865 INFO gateway: Invalid schema: {'id': ['Missing data for required field.'], 'in_stock': ['Missing data for required field.'], 'passenger_capacity': ['Missing data for required field.'], 'category': ['Missing data for required field.'], 'maximum_speed': ['Missing data for required field.'], 'title': ['Missing data for required field.']}
2019-01-02 04:06:06,701 INFO gateway: INIT gateway...
2019-01-02 04:08:03,756 INFO gateway: INIT gateway...
2019-01-02 04:11:57,147 INFO gateway: INIT gateway...
2019-01-02 04:11:57,148 INFO gateway: Invalid schema: {'in_stock': ['Missing data for required field.'], 'passenger_capacity': ['Missing data for required field.'], 'category': ['Missing data for required field.'], 'maximum_speed': ['Missing data for required field.'], 'title': ['Missing data for required field.']}
2019-01-02 04:12:22,092 INFO gateway: INIT gateway...
2019-01-02 04:14:04,676 INFO gateway: INIT gateway...
2019-01-02 04:14:15,776 INFO gateway: INIT gateway...
2019-01-02 04:14:15,828 INFO gateway: Product ID 1 existed in database
2019-01-02 04:23:03,914 INFO gateway: INIT gateway...
2019-01-02 04:23:03,916 INFO gateway: Invalid schema: {'order_details': {0: {'product_id': ['Missing data for required field.'], 'product_name': ['Missing data for required field.'], 'price': ['Missing data for required field.'], 'currency': ['Missing data for required field.'], 'quantity': ['Missing data for required field.']}}}
2019-01-02 04:23:03,916 INFO gateway: Invalid schema: {'order_details': {0: {'product_id': ['Missing data for required field.'], 'product_name': ['Missing data for required field.'], 'price': ['Missing data for required field.'], 'currency': ['Missing data for required field.'], 'quantity': ['Missing data for required field.']}}}
2019-01-02 04:23:38,033 INFO gateway: INIT gateway...
2019-01-02 04:23:38,034 INFO gateway: Invalid json: Expecting value: line 11 column 17 (char 333)
2019-01-02 04:23:38,034 INFO gateway: Invalid json: Expecting value: line 11 column 17 (char 333)
2019-01-02 04:23:53,842 INFO gateway: INIT gateway...
2019-01-02 04:23:53,842 INFO gateway: Invalid json: Extra data: line 2 column 32 (char 32)
2019-01-02 04:23:53,842 INFO gateway: Invalid json: Extra data: line 2 column 32 (char 32)
2019-01-02 04:24:00,168 INFO gateway: INIT gateway...
2019-01-02 04:24:00,169 INFO gateway: Invalid schema: {'order_details': {0: {'product_id': ['Missing data for required field.'], 'product_name': ['Missing data for required field.'], 'price': ['Missing data for required field.'], 'currency': ['Missing data for required field.'], 'quantity': ['Missing data for required field.']}}}
2019-01-02 04:24:00,169 INFO gateway: Invalid schema: {'order_details': {0: {'product_id': ['Missing data for required field.'], 'product_name': ['Missing data for required field.'], 'price': ['Missing data for required field.'], 'currency': ['Missing data for required field.'], 'quantity': ['Missing data for required field.']}}}
2019-01-02 04:24:49,279 INFO gateway: INIT gateway...
2019-01-02 04:24:49,280 INFO gateway: Invalid schema: {'order_details': {0: {'product_id': ['Missing data for required field.'], 'product_name': ['Missing data for required field.'], 'price': ['Missing data for required field.'], 'currency': ['Missing data for required field.'], 'quantity': ['Missing data for required field.']}}}
2019-01-02 04:24:49,280 INFO gateway: Invalid schema: {'order_details': {0: {'product_id': ['Missing data for required field.'], 'product_name': ['Missing data for required field.'], 'price': ['Missing data for required field.'], 'currency': ['Missing data for required field.'], 'quantity': ['Missing data for required field.']}}}
2019-01-02 04:25:50,998 INFO gateway: INIT gateway...
2019-01-02 04:25:50,999 INFO gateway: Invalid schema: {'order_details': {0: {'product_id': ['Missing data for required field.'], 'product_name': ['Missing data for required field.'], 'price': ['Missing data for required field.'], 'currency': ['Missing data for required field.'], 'quantity': ['Missing data for required field.']}}}
2019-01-02 04:25:50,999 INFO gateway: Invalid schema: {'order_details': {0: {'product_id': ['Missing data for required field.'], 'product_name': ['Missing data for required field.'], 'price': ['Missing data for required field.'], 'currency': ['Missing data for required field.'], 'quantity': ['Missing data for required field.']}}}
2019-01-02 04:26:25,213 INFO gateway: INIT gateway...
2019-01-02 04:26:25,214 INFO gateway: Invalid json: Extra data: line 2 column 9 (char 9)
2019-01-02 04:26:25,214 INFO gateway: Invalid json: Extra data: line 2 column 9 (char 9)
2019-01-02 04:27:33,301 INFO gateway: INIT gateway...
2019-01-02 04:27:33,302 INFO gateway: Invalid schema: {'order_details': {0: {'product_id': ['Missing data for required field.'], 'product_name': ['Missing data for required field.'], 'price': ['Missing data for required field.'], 'currency': ['Missing data for required field.'], 'quantity': ['Missing data for required field.']}}}
2019-01-02 04:27:33,303 INFO gateway: Invalid schema: {'order_details': {0: {'product_id': ['Missing data for required field.'], 'product_name': ['Missing data for required field.'], 'price': ['Missing data for required field.'], 'currency': ['Missing data for required field.'], 'quantity': ['Missing data for required field.']}}}
2019-01-02 04:27:51,105 INFO gateway: INIT gateway...
2019-01-02 04:27:51,106 INFO gateway: Invalid schema: {'order_details': {0: {'product_id': ['Missing data for required field.'], 'product_name': ['Missing data for required field.'], 'price': ['Missing data for required field.'], 'currency': ['Missing data for required field.'], 'quantity': ['Missing data for required field.']}}}
2019-01-02 04:27:51,107 INFO gateway: Invalid schema: {'order_details': {0: {'product_id': ['Missing data for required field.'], 'product_name': ['Missing data for required field.'], 'price': ['Missing data for required field.'], 'currency': ['Missing data for required field.'], 'quantity': ['Missing data for required field.']}}}
2019-01-02 04:28:03,735 INFO gateway: INIT gateway...
2019-01-02 04:28:03,736 INFO gateway: Invalid schema: {'order_details': ['Invalid type.']}
2019-01-02 04:28:03,736 INFO gateway: Invalid schema: {'order_details': ['Invalid type.']}
2019-01-02 04:28:18,658 INFO gateway: INIT gateway...
2019-01-02 04:28:18,751 INFO gateway: Product ID frozenset({'3', '2'}) does not exist
2019-01-02 04:28:18,751 INFO gateway: Product not found!
2019-01-02 04:29:08,432 INFO gateway: INIT gateway...
2019-01-02 04:29:08,433 INFO gateway: Invalid schema: {'order_details': {0: {'product_name': ['Missing data for required field.'], 'price': ['Missing data for required field.'], 'currency': ['Missing data for required field.'], 'quantity': ['Missing data for required field.']}}}
2019-01-02 04:29:08,433 INFO gateway: Invalid schema: {'order_details': {0: {'product_name': ['Missing data for required field.'], 'price': ['Missing data for required field.'], 'currency': ['Missing data for required field.'], 'quantity': ['Missing data for required field.']}}}
2019-01-02 04:30:24,937 INFO gateway: INIT gateway...
2019-01-02 04:30:24,938 INFO gateway: Invalid json: Expecting ',' delimiter: line 8 column 34 (char 264)
2019-01-02 04:30:24,938 INFO gateway: Invalid json: Expecting ',' delimiter: line 8 column 34 (char 264)
2019-01-02 04:30:44,298 INFO gateway: INIT gateway...
2019-01-02 04:31:51,842 INFO gateway: INIT gateway...
2019-01-02 04:32:14,578 INFO gateway: INIT gateway...
2019-01-02 04:32:14,794 INFO gateway: 'currency'
2019-01-02 04:32:14,795 INFO gateway: Product is out of stock!
2019-01-02 04:37:00,089 INFO gateway: INIT gateway...
2019-01-02 04:37:00,090 INFO gateway: Invalid schema: {'order_details': {0: {'currency': ['Missing data for required field.']}}}
2019-01-02 04:37:00,090 INFO gateway: Invalid schema: {'order_details': {0: {'currency': ['Missing data for required field.']}}}
2019-01-02 04:38:58,602 INFO gateway: INIT gateway...
2019-01-02 04:38:58,774 INFO gateway: 'currency'
2019-01-02 04:38:58,774 INFO gateway: Product is out of stock!
2019-01-02 04:39:16,625 INFO gateway: INIT gateway...
2019-01-02 04:39:16,626 INFO gateway: Invalid schema: {'order_details': {0: {'product_id': ['Not a valid string.']}}}
2019-01-02 04:39:16,626 INFO gateway: Invalid schema: {'order_details': {0: {'product_id': ['Not a valid string.']}}}
2019-01-02 04:39:21,225 INFO gateway: INIT gateway...
2019-01-02 04:39:21,423 INFO gateway: 'currency'
2019-01-02 04:39:21,423 INFO gateway: Product is out of stock!
2019-01-02 04:39:27,978 INFO gateway: INIT gateway...
2019-01-02 04:39:28,166 INFO gateway: 'currency'
2019-01-02 04:39:28,166 INFO gateway: Product is out of stock!
2019-01-02 04:43:07,735 INFO gateway: INIT gateway...
2019-01-02 04:43:20,369 INFO gateway: INIT gateway...
2019-01-02 04:43:20,547 INFO gateway: 'currency'
2019-01-02 04:43:20,548 INFO gateway: Product is out of stock!
2019-01-02 04:43:37,612 INFO gateway: INIT gateway...
2019-01-02 04:43:37,698 INFO gateway: Product IDs 3 does not exist
2019-01-02 04:43:37,698 INFO gateway: Product not found!
2019-01-02 04:43:49,480 INFO gateway: INIT gateway...
2019-01-02 04:43:49,654 INFO gateway: 'currency'
2019-01-02 04:43:49,654 INFO gateway: Product is out of stock!
2019-01-02 04:46:32,696 INFO gateway: INIT gateway...
2019-01-02 04:46:32,877 INFO gateway: 'currency'
2019-01-02 04:46:32,878 INFO gateway: Product is out of stock!
2019-01-02 04:47:06,813 INFO gateway: INIT gateway...
2019-01-02 04:47:07,034 INFO gateway: (raised as a result of Query-invoked autoflush; consider using a session.no_autoflush block if this flush is occurring prematurely) (psycopg2.IntegrityError) null value in column "currency" violates not-null constraint
DETAIL:  Failing row contains (3, 1, 1, Toyota Altis, 100.00, 1, null, 2019-01-02, 2019-01-02).
 [SQL: 'INSERT INTO order_details (created_at, updated_at, order_id, product_id, product_name, price, quantity, currency) VALUES (%(created_at)s, %(updated_at)s, %(order_id)s, %(product_id)s, %(product_name)s, %(price)s, %(quantity)s, %(currency)s) RETURNING order_details.id'] [parameters: {'created_at': datetime.datetime(2019, 1, 2, 4, 47, 6, 437007), 'updated_at': datetime.datetime(2019, 1, 2, 4, 47, 6, 437201), 'order_id': 1, 'product_id': '1', 'product_name': 'Toyota Altis', 'price': Decimal('100.00'), 'quantity': 1, 'currency': None}] (Background on this error at: http://sqlalche.me/e/gkpj)
2019-01-02 04:47:07,034 INFO gateway: Product is out of stock!
2019-01-02 04:47:14,747 INFO gateway: INIT gateway...
2019-01-02 04:47:14,908 INFO gateway: (raised as a result of Query-invoked autoflush; consider using a session.no_autoflush block if this flush is occurring prematurely) (psycopg2.IntegrityError) null value in column "currency" violates not-null constraint
DETAIL:  Failing row contains (4, 1, 1, Toyota Altis, 100.00, 1, null, 2019-01-02, 2019-01-02).
 [SQL: 'INSERT INTO order_details (created_at, updated_at, order_id, product_id, product_name, price, quantity, currency) VALUES (%(created_at)s, %(updated_at)s, %(order_id)s, %(product_id)s, %(product_name)s, %(price)s, %(quantity)s, %(currency)s) RETURNING order_details.id'] [parameters: {'created_at': datetime.datetime(2019, 1, 2, 4, 47, 6, 437007), 'updated_at': datetime.datetime(2019, 1, 2, 4, 47, 6, 437201), 'order_id': 1, 'product_id': '1', 'product_name': 'Toyota Altis', 'price': Decimal('100.00'), 'quantity': 1, 'currency': None}] (Background on this error at: http://sqlalche.me/e/gkpj)
2019-01-02 04:47:14,909 INFO gateway: Product is out of stock!
2019-01-02 04:48:35,752 INFO gateway: INIT gateway...
2019-01-02 04:48:41,538 INFO gateway: INIT gateway...
2019-01-02 04:48:41,760 INFO gateway: (raised as a result of Query-invoked autoflush; consider using a session.no_autoflush block if this flush is occurring prematurely) (psycopg2.IntegrityError) null value in column "currency" violates not-null constraint
DETAIL:  Failing row contains (5, 1, 1, Toyota Altis, 100.00, 1, null, 2019-01-02, 2019-01-02).
 [SQL: 'INSERT INTO order_details (created_at, updated_at, order_id, product_id, product_name, price, quantity, currency) VALUES (%(created_at)s, %(updated_at)s, %(order_id)s, %(product_id)s, %(product_name)s, %(price)s, %(quantity)s, %(currency)s) RETURNING order_details.id'] [parameters: {'created_at': datetime.datetime(2019, 1, 2, 4, 47, 6, 437007), 'updated_at': datetime.datetime(2019, 1, 2, 4, 47, 6, 437201), 'order_id': 1, 'product_id': '1', 'product_name': 'Toyota Altis', 'price': Decimal('100.00'), 'quantity': 1, 'currency': None}] (Background on this error at: http://sqlalche.me/e/gkpj)
2019-01-02 04:48:41,761 INFO gateway: Product is out of stock!
2019-01-02 04:49:02,878 INFO gateway: INIT gateway...
2019-01-02 04:49:03,049 INFO gateway: 'currency'
2019-01-02 04:49:03,049 INFO gateway: Product is out of stock!
2019-01-02 04:50:14,822 INFO gateway: INIT gateway...
2019-01-02 04:51:27,506 INFO gateway: INIT gateway...
2019-01-02 04:53:30,429 INFO gateway: INIT gateway...
2019-01-02 04:55:33,203 INFO gateway: INIT gateway...
2019-01-02 05:00:27,367 INFO gateway: INIT gateway...
2019-01-02 05:00:27,529 INFO gateway: OutOfStock Product ID 1 is insufficient
2019-01-02 05:00:27,529 INFO gateway: Product is out of stock!
2019-01-02 05:03:49,877 INFO gateway: INIT gateway...
2019-01-02 05:08:47,654 INFO gateway: INIT gateway...
2019-01-02 05:17:01,614 INFO gateway: INIT gateway...
2019-01-02 05:20:35,240 INFO gateway: INIT gateway...
2019-01-02 05:20:43,585 INFO gateway: INIT gateway...
2019-01-02 05:20:50,872 INFO gateway: INIT gateway...
2019-01-02 05:21:02,244 INFO gateway: INIT gateway...
2019-01-02 05:21:32,083 INFO gateway: INIT gateway...
2019-01-02 05:22:58,907 INFO gateway: INIT gateway...
2019-02-26 04:06:11,642 INFO gateway: INIT gateway...
2019-02-28 10:30:55,136 INFO gateway: INIT gateway...
2019-02-28 10:32:03,075 INFO gateway: INIT gateway...
2019-02-28 10:36:05,301 INFO gateway: INIT gateway...
2019-02-28 10:36:24,214 INFO gateway: INIT gateway...
2019-02-28 10:37:42,260 INFO gateway: INIT gateway...
2019-02-28 10:37:54,257 INFO gateway: INIT gateway...
2019-02-28 10:47:15,572 INFO gateway: INIT gateway...
2019-02-28 10:47:31,145 INFO gateway: INIT gateway...
2019-02-28 10:47:46,057 INFO gateway: INIT gateway...
2019-02-28 10:47:54,245 INFO gateway: INIT gateway...
2019-02-28 10:48:06,109 INFO gateway: INIT gateway...
2019-02-28 10:48:15,550 INFO gateway: INIT gateway...
2019-02-28 10:48:26,676 INFO gateway: INIT gateway...
2019-02-28 10:48:44,060 INFO gateway: INIT gateway...
2019-02-28 10:48:50,513 INFO gateway: INIT gateway...
2019-02-28 10:49:01,581 INFO gateway: INIT gateway...
2019-02-28 10:49:11,036 INFO gateway: INIT gateway...
2019-02-28 10:49:31,799 INFO gateway: INIT gateway...
2019-02-28 10:56:45,534 INFO gateway: INIT gateway...
2019-02-28 10:57:17,733 INFO gateway: INIT gateway...
2019-02-28 10:57:28,077 INFO gateway: INIT gateway...
2019-02-28 11:00:05,520 INFO gateway: INIT gateway...
2019-02-28 11:00:33,307 INFO gateway: INIT gateway...
2019-02-28 11:00:45,643 INFO gateway: INIT gateway...
2019-02-28 11:00:59,993 INFO gateway: INIT gateway...
2019-03-01 07:06:44,577 INFO gateway: INIT gateway...
2019-03-01 07:11:53,880 INFO gateway: INIT gateway...
2019-03-01 07:19:29,125 INFO gateway: INIT gateway...
2019-03-01 07:19:42,228 INFO gateway: INIT gateway...
2019-03-04 03:58:33,881 INFO gateway: INIT gateway...
2019-03-04 03:58:49,697 INFO gateway: INIT gateway...
2019-03-04 03:58:53,900 INFO gateway: INIT gateway...
2019-03-04 03:59:02,737 INFO gateway: INIT gateway...
2019-03-04 04:39:13,007 INFO gateway: INIT gateway...
2019-03-04 06:26:14,733 INFO gateway: INIT gateway...
2019-03-06 06:25:13,039 INFO gateway: INIT gateway...
2019-03-06 06:34:34,143 INFO gateway: INIT gateway...
2019-03-06 06:34:35,035 INFO gateway: OutOfStock Product ID 1 is insufficient
2019-03-06 06:34:35,035 INFO gateway: Product is out of stock!
2019-03-06 06:43:51,263 INFO gateway: INIT gateway...
2019-03-06 06:45:22,394 INFO gateway: INIT gateway...
2019-03-06 06:46:00,799 INFO gateway: INIT gateway...
2019-03-06 06:50:02,151 INFO gateway: INIT gateway...
2019-03-06 06:54:12,208 INFO gateway: INIT gateway...
2019-03-06 07:00:34,997 INFO gateway: INIT gateway...
2019-03-06 07:01:40,868 INFO gateway: INIT gateway...
2019-03-06 07:19:25,495 INFO gateway: INIT gateway...
2019-03-06 07:30:03,383 INFO gateway: INIT gateway...
2019-03-06 07:30:17,288 INFO gateway: INIT gateway...
2019-03-06 07:30:54,839 INFO gateway: INIT gateway...
2019-03-06 07:31:21,924 INFO gateway: INIT gateway...
2019-03-06 07:31:47,165 INFO gateway: INIT gateway...
2019-03-06 07:31:51,377 INFO gateway: INIT gateway...
2019-03-06 07:36:10,502 INFO gateway: INIT gateway...
2019-03-06 07:39:32,467 INFO gateway: INIT gateway...
2019-03-06 07:39:34,599 INFO gateway: INIT gateway...
2019-03-06 07:39:40,160 INFO gateway: INIT gateway...
2019-03-06 07:39:44,107 INFO gateway: INIT gateway...
2019-03-06 07:40:55,900 INFO gateway: INIT gateway...
2019-03-06 07:40:57,803 INFO gateway: INIT gateway...
2019-03-06 07:42:24,010 INFO gateway: INIT gateway...
2019-03-06 07:47:13,344 INFO gateway: INIT gateway...
2019-03-06 07:48:20,556 INFO gateway: INIT gateway...
2019-03-06 07:48:56,438 INFO gateway: INIT gateway...
2019-03-06 07:51:09,273 INFO gateway: INIT gateway...
2019-03-06 07:51:15,629 INFO gateway: INIT gateway...
2019-03-06 07:58:14,635 INFO gateway: INIT gateway...
2019-03-06 07:58:33,319 INFO gateway: INIT gateway...
2019-03-06 07:59:55,640 INFO gateway: INIT gateway...
2019-03-06 08:06:34,675 INFO gateway: INIT gateway...
2019-03-06 08:06:50,367 INFO gateway: INIT gateway...
2019-03-06 08:08:06,147 INFO gateway: INIT gateway...
2019-03-06 08:08:08,179 INFO gateway: INIT gateway...
2019-03-06 08:08:16,673 INFO gateway: INIT gateway...
2019-03-06 08:17:47,826 INFO gateway: INIT gateway...
2019-03-06 08:20:32,535 INFO gateway: INIT gateway...
2019-03-06 08:20:49,326 INFO gateway: INIT gateway...
2019-03-06 08:25:24,455 INFO gateway: INIT gateway...
2019-03-06 08:27:23,945 INFO gateway: INIT gateway...
2019-03-06 08:27:29,343 INFO gateway: INIT gateway...
2019-03-06 08:27:34,742 INFO gateway: INIT gateway...
2019-03-06 08:28:03,153 INFO gateway: INIT gateway...
2019-03-06 08:28:11,246 INFO gateway: INIT gateway...
2019-03-06 08:28:43,620 INFO gateway: INIT gateway...
2019-03-06 08:29:30,454 INFO gateway: INIT gateway...
2019-03-06 08:41:21,075 INFO gateway: INIT gateway...
2019-03-06 08:41:43,278 INFO gateway: INIT gateway...
2019-03-06 08:41:56,152 INFO gateway: INIT gateway...
2019-03-06 08:42:22,234 INFO gateway: INIT gateway...
2019-03-06 08:45:52,489 INFO gateway: INIT gateway...
2019-03-06 08:46:18,642 INFO gateway: INIT gateway...
2019-03-06 08:46:25,993 INFO gateway: INIT gateway...
2019-03-06 08:47:06,322 INFO gateway: INIT gateway...
2019-03-06 08:47:23,782 INFO gateway: INIT gateway...
2019-03-06 10:07:26,784 INFO gateway: INIT gateway...
2019-03-06 10:07:43,369 INFO gateway: INIT gateway...
2019-03-06 10:12:54,240 INFO gateway: INIT gateway...
2019-03-06 10:13:41,329 INFO gateway: INIT gateway...
2019-03-07 06:29:26,428 INFO gateway: INIT gateway...
2019-03-07 06:35:33,288 INFO gateway: INIT gateway...
2019-03-07 06:44:59,313 INFO gateway: INIT gateway...
2019-03-07 08:12:58,762 INFO gateway: INIT gateway...
2019-03-07 08:13:38,571 INFO gateway: INIT gateway...
2019-03-07 08:44:15,805 INFO gateway: INIT gateway...
2019-03-07 08:44:29,797 INFO gateway: INIT gateway...
2019-03-07 08:44:31,236 INFO gateway: INIT gateway...
2019-03-07 08:44:38,828 INFO gateway: INIT gateway...
2019-03-07 08:44:49,095 INFO gateway: INIT gateway...
2019-03-07 08:44:59,040 INFO gateway: INIT gateway...
2019-03-07 08:45:10,029 INFO gateway: INIT gateway...
2019-03-07 08:45:51,779 INFO gateway: INIT gateway...
2019-03-07 08:46:00,941 INFO gateway: INIT gateway...
2019-03-07 08:46:12,755 INFO gateway: INIT gateway...
2019-03-07 08:46:15,748 INFO gateway: INIT gateway...
2019-03-07 09:05:41,271 INFO gateway: INIT gateway...
2019-03-07 09:06:21,615 INFO gateway: INIT gateway...
2019-03-07 09:43:00,503 INFO gateway: INIT gateway...
2019-03-07 09:43:20,909 INFO gateway: INIT gateway...
2019-03-07 09:43:59,423 INFO gateway: INIT gateway...
2019-03-07 09:44:26,203 INFO gateway: INIT gateway...
2019-03-07 09:45:15,641 INFO gateway: INIT gateway...
2019-03-07 09:46:37,196 INFO gateway: INIT gateway...
2019-03-07 09:47:34,022 INFO gateway: INIT gateway...
2019-03-07 09:47:47,446 INFO gateway: INIT gateway...
2019-03-07 09:49:34,133 INFO gateway: INIT gateway...
2019-03-07 09:50:07,946 INFO gateway: INIT gateway...
2019-03-07 09:50:52,181 INFO gateway: INIT gateway...
2019-03-07 09:51:43,487 INFO gateway: INIT gateway...
2019-03-07 10:08:53,996 INFO gateway: INIT gateway...
2019-03-07 10:09:05,268 INFO gateway: INIT gateway...
2019-03-07 10:09:11,268 INFO gateway: INIT gateway...
2019-03-07 10:09:15,404 INFO gateway: INIT gateway...
2019-03-07 10:09:25,661 INFO gateway: INIT gateway...
2019-03-07 10:09:32,317 INFO gateway: INIT gateway...
2019-03-07 10:09:44,250 INFO gateway: INIT gateway...
2019-03-07 10:16:06,541 INFO gateway: INIT gateway...
2019-03-07 10:16:09,923 INFO gateway: INIT gateway...
2019-03-07 10:16:24,041 INFO gateway: INIT gateway...
2019-03-07 10:21:15,467 INFO gateway: INIT gateway...
2019-03-07 10:21:55,472 INFO gateway: INIT gateway...
2019-03-07 10:22:25,301 INFO gateway: INIT gateway...
2019-03-08 06:32:32,639 INFO gateway: INIT gateway...
2019-03-08 08:15:41,212 INFO gateway: INIT gateway...
2019-03-08 08:37:49,900 INFO gateway: INIT gateway...
2019-03-08 08:39:07,992 INFO gateway: INIT gateway...
2019-03-08 08:42:43,414 INFO gateway: INIT gateway...
2019-03-08 08:45:52,096 INFO gateway: INIT gateway...
2019-03-08 08:48:04,682 INFO gateway: INIT gateway...
2019-03-08 08:48:38,058 INFO gateway: INIT gateway...
2019-03-08 09:43:43,368 INFO gateway: INIT gateway...
2019-03-08 09:43:59,908 INFO gateway: INIT gateway...
2019-03-08 10:11:55,292 INFO gateway: INIT gateway...
2019-03-08 10:14:17,012 INFO gateway: INIT gateway...
2019-03-12 08:23:49,592 INFO gateway: INIT gateway...
2019-03-12 08:23:52,555 INFO gateway: INIT gateway...
2019-03-12 08:24:30,208 INFO gateway: INIT gateway...
2019-03-12 08:25:57,093 INFO gateway: INIT gateway...
2019-03-12 08:26:34,126 INFO gateway: INIT gateway...
2019-03-12 08:27:42,312 INFO gateway: INIT gateway...
2019-03-12 08:31:23,864 INFO gateway: INIT gateway...
2019-03-12 08:53:03,833 INFO gateway: INIT gateway...
2019-03-12 08:53:06,123 INFO gateway: INIT gateway...
2019-03-12 08:56:10,900 INFO gateway: INIT gateway...
2019-03-12 08:56:39,940 INFO gateway: INIT gateway...
2019-03-12 08:57:49,863 INFO gateway: INIT gateway...
2019-03-12 08:59:52,264 INFO gateway: INIT gateway...
2019-03-12 09:00:07,103 INFO gateway: INIT gateway...
2019-03-12 09:00:42,338 INFO gateway: INIT gateway...
2019-03-12 09:01:18,696 INFO gateway: INIT gateway...
2019-03-12 09:02:09,776 INFO gateway: INIT gateway...
2019-03-12 09:02:43,286 INFO gateway: INIT gateway...
2019-03-12 09:03:15,346 INFO gateway: INIT gateway...
2019-03-12 09:03:23,852 INFO gateway: INIT gateway...
2019-03-12 09:05:18,413 INFO gateway: INIT gateway...
2019-03-12 09:05:20,741 INFO gateway: INIT gateway...
2019-03-12 09:06:16,167 INFO gateway: INIT gateway...
2019-03-12 09:06:55,042 INFO gateway: INIT gateway...
2019-03-12 09:07:48,964 INFO gateway: INIT gateway...
2019-03-12 09:09:00,342 INFO gateway: INIT gateway...
2019-03-12 09:09:22,819 INFO gateway: INIT gateway...
2019-03-12 09:09:39,994 INFO gateway: INIT gateway...
2019-03-12 09:17:05,843 INFO gateway: INIT gateway...
2019-03-12 09:19:30,087 INFO gateway: INIT gateway...
2019-03-12 09:19:51,823 INFO gateway: INIT gateway...
2019-03-12 09:25:13,295 INFO gateway: INIT gateway...
2019-03-12 09:25:20,518 INFO gateway: INIT gateway...
2019-03-12 09:25:38,118 INFO gateway: INIT gateway...
2019-03-12 09:26:08,839 INFO gateway: INIT gateway...
2019-03-12 09:26:16,528 INFO gateway: INIT gateway...
2019-03-12 09:26:24,024 INFO gateway: INIT gateway...
2019-03-12 09:27:06,280 INFO gateway: INIT gateway...
2019-03-12 09:27:18,624 INFO gateway: INIT gateway...
2019-03-12 09:28:02,705 INFO gateway: INIT gateway...
2019-03-12 09:28:08,249 INFO gateway: INIT gateway...
2019-03-12 09:28:12,140 INFO gateway: INIT gateway...
2019-03-12 09:28:42,123 INFO gateway: INIT gateway...
2019-03-12 09:28:45,074 INFO gateway: INIT gateway...
2019-03-12 09:30:45,439 INFO gateway: INIT gateway...
2019-03-12 09:30:49,764 INFO gateway: INIT gateway...
2019-03-12 09:30:56,013 INFO gateway: INIT gateway...
2019-03-12 09:31:04,161 INFO gateway: INIT gateway...
2019-03-12 09:32:31,078 INFO gateway: INIT gateway...
2019-03-12 09:33:34,978 INFO gateway: INIT gateway...
2019-03-12 09:36:07,179 INFO gateway: INIT gateway...
2019-03-12 09:36:12,106 INFO gateway: INIT gateway...
2019-03-12 09:36:40,555 INFO gateway: INIT gateway...
2019-03-12 09:36:47,858 INFO gateway: INIT gateway...
2019-03-12 09:36:58,382 INFO gateway: INIT gateway...
2019-03-12 09:37:11,587 INFO gateway: INIT gateway...
2019-03-12 09:37:18,803 INFO gateway: INIT gateway...
2019-03-12 09:37:24,075 INFO gateway: INIT gateway...
2019-03-12 09:44:20,672 INFO gateway: INIT gateway...
2019-03-13 06:09:29,654 INFO gateway: INIT gateway...
2019-03-13 06:09:32,829 INFO gateway: INIT gateway...
2019-03-13 06:09:56,046 INFO gateway: INIT gateway...
2019-03-13 06:31:42,386 INFO gateway: INIT gateway...
2019-03-13 06:34:36,062 INFO gateway: INIT gateway...
2019-03-13 06:34:44,366 INFO gateway: INIT gateway...
2019-03-13 06:35:23,588 INFO gateway: INIT gateway...
2019-03-13 06:35:30,457 INFO gateway: INIT gateway...
2019-03-13 06:38:30,711 INFO gateway: INIT gateway...
2019-03-13 06:42:38,072 INFO gateway: INIT gateway...
2019-03-13 06:43:21,610 INFO gateway: INIT gateway...
2019-03-13 06:50:49,110 INFO gateway: INIT gateway...
2019-03-13 06:51:19,758 INFO gateway: INIT gateway...
2019-03-13 06:51:57,682 INFO gateway: INIT gateway...
2019-03-13 06:55:39,862 INFO gateway: INIT gateway...
2019-03-13 06:56:13,318 INFO gateway: INIT gateway...
2019-03-13 06:56:22,278 INFO gateway: INIT gateway...
2019-03-13 06:59:55,097 INFO gateway: INIT gateway...
2019-03-13 07:00:54,794 INFO gateway: INIT gateway...
2019-03-13 07:01:06,162 INFO gateway: INIT gateway...
2019-03-13 07:01:35,260 INFO gateway: INIT gateway...
2019-03-13 07:01:51,115 INFO gateway: INIT gateway...
2019-03-13 07:02:20,627 INFO gateway: INIT gateway...
2019-03-13 07:03:04,350 INFO gateway: INIT gateway...
2019-03-13 07:03:12,728 INFO gateway: INIT gateway...
2019-03-13 07:03:23,576 INFO gateway: INIT gateway...
2019-03-13 07:03:37,636 INFO gateway: INIT gateway...
2019-03-13 07:04:28,277 INFO gateway: INIT gateway...
2019-03-13 07:04:43,526 INFO gateway: INIT gateway...
2019-03-13 07:04:51,668 INFO gateway: INIT gateway...
2019-03-13 07:04:55,990 INFO gateway: INIT gateway...
2019-03-13 07:05:14,598 INFO gateway: INIT gateway...
2019-03-13 07:05:54,463 INFO gateway: INIT gateway...
2019-03-13 07:07:09,710 INFO gateway: INIT gateway...
2019-03-13 07:08:58,369 INFO gateway: INIT gateway...
2019-03-13 07:09:16,906 INFO gateway: INIT gateway...
2019-03-13 07:09:35,845 INFO gateway: INIT gateway...
2019-03-13 07:09:43,713 INFO gateway: INIT gateway...
2019-03-13 07:10:10,962 INFO gateway: INIT gateway...
2019-03-13 07:10:14,340 INFO gateway: INIT gateway...
2019-03-13 07:13:58,642 INFO gateway: INIT gateway...
2019-03-13 07:14:20,947 INFO gateway: INIT gateway...
2019-03-13 07:14:35,331 INFO gateway: INIT gateway...
2019-03-13 07:15:01,634 INFO gateway: INIT gateway...
2019-03-13 07:15:12,992 INFO gateway: INIT gateway...
2019-03-13 07:15:15,340 INFO gateway: INIT gateway...
2019-03-13 07:15:32,397 INFO gateway: INIT gateway...
2019-03-13 07:16:39,632 INFO gateway: INIT gateway...
2019-03-13 07:18:09,597 INFO gateway: INIT gateway...
2019-03-13 07:19:07,965 INFO gateway: INIT gateway...
2019-03-13 07:19:36,854 INFO gateway: INIT gateway...
2019-03-13 07:20:06,976 INFO gateway: INIT gateway...
2019-03-13 07:20:31,680 INFO gateway: INIT gateway...
2019-03-13 07:21:26,289 INFO gateway: INIT gateway...
2019-03-13 07:21:46,338 INFO gateway: INIT gateway...
2019-03-13 07:25:52,832 INFO gateway: INIT gateway...
2019-03-13 07:26:11,572 INFO gateway: INIT gateway...
2019-03-13 07:27:47,641 INFO gateway: INIT gateway...
2019-03-13 08:00:19,938 INFO gateway: INIT gateway...
2019-03-13 08:02:14,385 INFO gateway: INIT gateway...
2019-03-13 08:03:05,678 INFO gateway: INIT gateway...
2019-03-13 08:06:05,881 INFO gateway: INIT gateway...
2019-03-13 08:08:04,999 INFO gateway: INIT gateway...
2019-03-13 08:08:30,221 INFO gateway: INIT gateway...
2019-03-13 08:08:51,999 INFO gateway: INIT gateway...
2019-03-13 08:11:03,030 INFO gateway: INIT gateway...
2019-03-13 08:11:14,785 INFO gateway: INIT gateway...
2019-03-13 08:11:38,104 INFO gateway: INIT gateway...
2019-03-13 08:12:34,877 INFO gateway: INIT gateway...
2019-03-13 08:39:04,646 INFO gateway: INIT gateway...
2019-03-13 08:39:05,189 INFO gateway: INIT gateway...
2019-03-13 08:44:31,682 INFO gateway: INIT gateway...
2019-03-13 08:44:56,540 INFO gateway: INIT gateway...
2019-03-13 08:45:32,467 INFO gateway: INIT gateway...
2019-03-13 08:46:15,901 INFO gateway: INIT gateway...
2019-03-13 08:46:27,596 INFO gateway: INIT gateway...
2019-03-13 08:47:21,358 INFO gateway: INIT gateway...
2019-03-13 08:49:34,616 INFO gateway: INIT gateway...
2019-03-13 08:50:02,831 INFO gateway: INIT gateway...
2019-03-13 08:51:21,296 INFO gateway: INIT gateway...
2019-03-13 08:55:01,718 INFO gateway: INIT gateway...
2019-03-13 08:55:31,508 INFO gateway: INIT gateway...
2019-03-13 08:59:35,508 INFO gateway: INIT gateway...
2019-03-13 09:11:50,788 INFO gateway: INIT gateway...
2019-03-13 09:12:09,953 INFO gateway: INIT gateway...
2019-03-13 09:12:31,681 INFO gateway: INIT gateway...
2019-03-13 09:12:42,709 INFO gateway: INIT gateway...
2019-03-13 09:23:12,761 INFO gateway: INIT gateway...
2019-03-13 09:24:04,169 INFO gateway: INIT gateway...
2019-03-13 09:25:33,087 INFO gateway: INIT gateway...
2019-03-13 09:26:55,726 INFO gateway: INIT gateway...
2019-03-13 09:27:33,023 INFO gateway: INIT gateway...
2019-03-13 09:28:29,304 INFO gateway: INIT gateway...
2019-03-13 09:28:38,448 INFO gateway: INIT gateway...
2019-03-13 09:30:00,812 INFO gateway: INIT gateway...
2019-03-13 09:30:16,753 INFO gateway: INIT gateway...
2019-03-13 09:30:47,214 INFO gateway: INIT gateway...
2019-03-13 09:30:59,126 INFO gateway: INIT gateway...
2019-03-13 09:31:01,005 INFO gateway: INIT gateway...
2019-03-13 09:31:07,807 INFO gateway: INIT gateway...
2019-03-13 09:32:06,361 INFO gateway: INIT gateway...
2019-03-13 09:32:47,911 INFO gateway: INIT gateway...
2019-03-13 09:35:02,023 INFO gateway: INIT gateway...
2019-03-13 09:35:41,207 INFO gateway: INIT gateway...
2019-03-13 09:35:54,680 INFO gateway: INIT gateway...
2019-03-13 09:36:33,065 INFO gateway: INIT gateway...
2019-03-13 09:36:46,401 INFO gateway: INIT gateway...
2019-03-13 09:37:20,115 INFO gateway: INIT gateway...
2019-03-13 09:37:38,491 INFO gateway: INIT gateway...
2019-03-13 09:37:47,548 INFO gateway: INIT gateway...
2019-03-13 09:40:28,185 INFO gateway: INIT gateway...
2019-03-13 09:42:12,747 INFO gateway: INIT gateway...
2019-03-13 09:42:30,829 INFO gateway: INIT gateway...
2019-03-13 09:45:50,114 INFO gateway: INIT gateway...
2019-03-13 09:46:51,220 INFO gateway: INIT gateway...
2019-03-13 09:47:37,760 INFO gateway: INIT gateway...
2019-03-13 09:49:29,632 INFO gateway: INIT gateway...
2019-03-13 09:49:42,680 INFO gateway: INIT gateway...
2019-03-13 09:50:58,106 INFO gateway: INIT gateway...
2019-03-13 09:52:44,837 INFO gateway: INIT gateway...
2019-03-13 09:52:56,197 INFO gateway: INIT gateway...
2019-03-13 09:53:06,557 INFO gateway: INIT gateway...
2019-03-13 09:53:58,159 INFO gateway: INIT gateway...
2019-03-13 09:54:10,240 INFO gateway: INIT gateway...
2019-03-13 09:54:21,656 INFO gateway: INIT gateway...
2019-03-13 09:55:38,795 INFO gateway: INIT gateway...
2019-03-13 09:56:38,080 INFO gateway: INIT gateway...
2019-03-13 09:56:56,124 INFO gateway: INIT gateway...
2019-03-13 09:57:08,348 INFO gateway: INIT gateway...
2019-03-13 09:58:40,926 INFO gateway: INIT gateway...
2019-03-13 09:59:18,745 INFO gateway: INIT gateway...
2019-03-13 09:59:43,088 INFO gateway: INIT gateway...
2019-03-13 10:01:26,795 INFO gateway: INIT gateway...
2019-03-13 10:02:58,627 INFO gateway: INIT gateway...
2019-03-13 10:08:39,239 INFO gateway: INIT gateway...
2019-03-13 10:10:41,859 INFO gateway: INIT gateway...
2019-03-13 10:10:42,794 INFO gateway: INIT gateway...
2019-03-13 10:10:59,066 INFO gateway: INIT gateway...
2019-03-13 10:11:41,143 INFO gateway: INIT gateway...
2019-03-13 10:13:43,637 INFO gateway: INIT gateway...
2019-03-13 10:13:55,644 INFO gateway: INIT gateway...
2019-03-13 10:14:07,428 INFO gateway: INIT gateway...
2019-03-13 10:15:32,029 INFO gateway: INIT gateway...
2019-03-13 10:15:58,283 INFO gateway: INIT gateway...
2019-03-13 10:16:51,214 INFO gateway: INIT gateway...
2019-03-13 10:17:54,959 INFO gateway: INIT gateway...
2019-03-13 10:18:20,048 INFO gateway: INIT gateway...
2019-03-13 10:18:50,944 INFO gateway: INIT gateway...
2019-03-13 10:21:10,115 INFO gateway: INIT gateway...
2019-03-13 10:21:46,331 INFO gateway: INIT gateway...
2019-03-13 10:22:55,622 INFO gateway: INIT gateway...
2019-03-13 10:23:40,307 INFO gateway: INIT gateway...
2019-03-13 10:23:48,188 INFO gateway: INIT gateway...
2019-03-13 10:31:27,127 INFO gateway: INIT gateway...
2019-03-13 10:32:21,220 INFO gateway: INIT gateway...
2019-03-13 10:34:15,709 INFO gateway: INIT gateway...
